This is XeTeX, Version 3.141592653-2.6-0.999993 (TeX Live 2022/dev/Debian) (preloaded format=xelatex 2026.3.5)  25 MAR 2026 07:02
entering extended mode
 restricted \write18 enabled.
 %&-line parsing enabled.
**main.tex
(./main.tex
LaTeX2e <2021-11-15> patch level 1
L3 programming layer <2022-01-21> (./HUSTthesis.cls
Document Class: HUSTthesis 2022/03/26 3.2 Huazhong University of Science and Te
chnology Thesis Template
(/usr/share/texlive/texmf-dist/tex/latex/base/book.cls
Document Class: book 2021/10/04 v1.4n Standard LaTeX document class
(/usr/share/texlive/texmf-dist/tex/latex/base/bk12.clo
File: bk12.clo 2021/10/04 v1.4n Standard LaTeX file (size option)
)
\c@part=\count181
\c@chapter=\count182
\c@section=\count183
\c@subsection=\count184
\c@subsubsection=\count185
\c@paragraph=\count186
\c@subparagraph=\count187
\c@figure=\count188
\c@table=\count189
\abovecaptionskip=\skip47
\belowcaptionskip=\skip48
\bibindent=\dimen138
)
(/usr/share/texlive/texmf-dist/tex/latex/base/ifthen.sty
Package: ifthen 2020/11/24 v1.1c Standard LaTeX ifthen package (DPC)
)
(/usr/share/texlive/texmf-dist/tex/latex/tools/calc.sty
Package: calc 2017/05/25 v4.3 Infix arithmetic (KKT,FJ)
\calc@Acount=\count190
\calc@Bcount=\count191
\calc@Adimen=\dimen139
\calc@Bdimen=\dimen140
\calc@Askip=\skip49
\calc@Bskip=\skip50
LaTeX Info: Redefining \setlength on input line 80.
LaTeX Info: Redefining \addtolength on input line 81.
\calc@Ccount=\count192
\calc@Cskip=\skip51
)
(/usr/share/texlive/texmf-dist/tex/generic/iftex/ifpdf.sty
Package: ifpdf 2019/10/25 v3.4 ifpdf legacy package. Use iftex instead.

(/usr/share/texlive/texmf-dist/tex/generic/iftex/iftex.sty
Package: iftex 2020/03/06 v1.0d TeX engine tests
))
(/usr/share/texlive/texmf-dist/tex/latex/psnfss/pifont.sty
Package: pifont 2020/03/25 PSNFSS-v9.3 Pi font support (SPQR) 
LaTeX Font Info:    Trying to load font information for U+pzd on input line 63.


(/usr/share/texlive/texmf-dist/tex/latex/psnfss/upzd.fd
File: upzd.fd 2001/06/04 font definitions for U/pzd.
)
LaTeX Font Info:    Trying to load font information for U+psy on input line 64.


(/usr/share/texlive/texmf-dist/tex/latex/psnfss/upsy.fd
File: upsy.fd 2001/06/04 font definitions for U/psy.
))
(/usr/share/texlive/texmf-dist/tex/generic/iftex/ifxetex.sty
Package: ifxetex 2019/10/25 v0.7 ifxetex legacy package. Use iftex instead.
)
(/usr/share/texlive/texmf-dist/tex/latex/psnfss/helvet.sty
Package: helvet 2020/03/25 PSNFSS-v9.3 (WaS) 

(/usr/share/texlive/texmf-dist/tex/latex/graphics/keyval.sty
Package: keyval 2014/10/28 v1.15 key=value parser (DPC)
\KV@toks@=\toks16
))
(/usr/share/texlive/texmf-dist/tex/latex/amsmath/amsmath.sty
Package: amsmath 2021/10/15 v2.17l AMS math features
\@mathmargin=\skip52

For additional information on amsmath, use the `?' option.
(/usr/share/texlive/texmf-dist/tex/latex/amsmath/amstext.sty
Package: amstext 2021/08/26 v2.01 AMS text

(/usr/share/texlive/texmf-dist/tex/latex/amsmath/amsgen.sty
File: amsgen.sty 1999/11/30 v2.0 generic functions
\@emptytoks=\toks17
\ex@=\dimen141
))
(/usr/share/texlive/texmf-dist/tex/latex/amsmath/amsbsy.sty
Package: amsbsy 1999/11/29 v1.2d Bold Symbols
\pmbraise@=\dimen142
)
(/usr/share/texlive/texmf-dist/tex/latex/amsmath/amsopn.sty
Package: amsopn 2021/08/26 v2.02 operator names
)
\inf@bad=\count193
LaTeX Info: Redefining \frac on input line 234.
\uproot@=\count194
\leftroot@=\count195
LaTeX Info: Redefining \overline on input line 399.
\classnum@=\count196
\DOTSCASE@=\count197
LaTeX Info: Redefining \ldots on input line 496.
LaTeX Info: Redefining \dots on input line 499.
LaTeX Info: Redefining \cdots on input line 620.
\Mathstrutbox@=\box50
\strutbox@=\box51
\big@size=\dimen143
LaTeX Font Info:    Redeclaring font encoding OML on input line 743.
LaTeX Font Info:    Redeclaring font encoding OMS on input line 744.
\macc@depth=\count198
\c@MaxMatrixCols=\count199
\dotsspace@=\muskip16
\c@parentequation=\count266
\dspbrk@lvl=\count267
\tag@help=\toks18
\row@=\count268
\column@=\count269
\maxfields@=\count270
\andhelp@=\toks19
\eqnshift@=\dimen144
\alignsep@=\dimen145
\tagshift@=\dimen146
\tagwidth@=\dimen147
\totwidth@=\dimen148
\lineht@=\dimen149
\@envbody=\toks20
\multlinegap=\skip53
\multlinetaggap=\skip54
\mathdisplay@stack=\toks21
LaTeX Info: Redefining \[ on input line 2938.
LaTeX Info: Redefining \] on input line 2939.
)
(/usr/share/texlive/texmf-dist/tex/latex/amsfonts/amssymb.sty
Package: amssymb 2013/01/14 v3.01 AMS font symbols

(/usr/share/texlive/texmf-dist/tex/latex/amsfonts/amsfonts.sty
Package: amsfonts 2013/01/14 v3.01 Basic AMSFonts support
\symAMSa=\mathgroup4
\symAMSb=\mathgroup5
LaTeX Font Info:    Redeclaring math symbol \hbar on input line 98.
LaTeX Font Info:    Overwriting math alphabet `\mathfrak' in version `bold'
(Font)                  U/euf/m/n --> U/euf/b/n on input line 106.
))
(/usr/share/texlive/texmf-dist/tex/latex/graphics/graphicx.sty
Package: graphicx 2021/09/16 v1.2d Enhanced LaTeX Graphics (DPC,SPQR)

(/usr/share/texlive/texmf-dist/tex/latex/graphics/graphics.sty
Package: graphics 2021/03/04 v1.4d Standard LaTeX Graphics (DPC,SPQR)

(/usr/share/texlive/texmf-dist/tex/latex/graphics/trig.sty
Package: trig 2021/08/11 v1.11 sin cos tan (DPC)
)
(/usr/share/texlive/texmf-dist/tex/latex/graphics-cfg/graphics.cfg
File: graphics.cfg 2016/06/04 v1.11 sample graphics configuration
)
Package graphics Info: Driver file: xetex.def on input line 107.

(/usr/share/texlive/texmf-dist/tex/latex/graphics-def/xetex.def
File: xetex.def 2021/03/18 v5.0k Graphics/color driver for xetex
))
\Gin@req@height=\dimen150
\Gin@req@width=\dimen151
)
(/usr/share/texlive/texmf-dist/tex/latex/subfig/subfig.sty
Package: subfig 2005/06/28 ver: 1.3 subfig package

(/usr/share/texlive/texmf-dist/tex/latex/caption/caption.sty
Package: caption 2020/10/26 v3.5g Customizing captions (AR)

(/usr/share/texlive/texmf-dist/tex/latex/caption/caption3.sty
Package: caption3 2020/10/21 v2.2e caption3 kernel (AR)
\captionmargin=\dimen152
\captionmargin@=\dimen153
\captionwidth=\dimen154
\caption@tempdima=\dimen155
\caption@indent=\dimen156
\caption@parindent=\dimen157
\caption@hangindent=\dimen158
Package caption Info: Standard document class detected.
)
\c@caption@flags=\count271
\c@continuedfloat=\count272
)
\c@KVtest=\count273
\sf@farskip=\skip55
\sf@captopadj=\dimen159
\sf@capskip=\skip56
\sf@nearskip=\skip57
\c@subfigure=\count274
\c@subfigure@save=\count275
\c@lofdepth=\count276
\c@subtable=\count277
\c@subtable@save=\count278
\c@lotdepth=\count279
\sf@top=\skip58
\sf@bottom=\skip59
)
(/usr/share/texlive/texmf-dist/tex/latex/tools/indentfirst.sty
Package: indentfirst 1995/11/23 v1.03 Indent first paragraph (DPC)
)
(/usr/share/texlive/texmf-dist/tex/xelatex/xecjk/xeCJK.sty
(/usr/share/texlive/texmf-dist/tex/latex/l3kernel/expl3.sty
Package: expl3 2022-01-21 L3 programming layer (loader) 

(/usr/share/texlive/texmf-dist/tex/latex/l3backend/l3backend-xetex.def
File: l3backend-xetex.def 2022-01-12 L3 backend support: XeTeX

(|extractbb --version)
\c__kernel_sys_dvipdfmx_version_int=\count280
\l__color_backend_stack_int=\count281
\g__color_backend_stack_int=\count282
\g__graphics_track_int=\count283
\l__pdf_internal_box=\box52
\g__pdf_backend_object_int=\count284
\g__pdf_backend_annotation_int=\count285
\g__pdf_backend_link_int=\count286
))
Package: xeCJK 2021/12/12 v3.8.8 Typesetting CJK scripts with XeLaTeX

(/usr/share/texlive/texmf-dist/tex/latex/ctex/ctexhook.sty
Package: ctexhook 2021/12/12 v2.5.8 Document and package hooks (CTEX)
)
(/usr/share/texlive/texmf-dist/tex/latex/l3packages/l3keys2e/l3keys2e.sty
Package: l3keys2e 2022-01-12 LaTeX2e option processing using LaTeX3 keys
)
(/usr/share/texlive/texmf-dist/tex/latex/l3packages/xtemplate/xtemplate.sty
Package: xtemplate 2022-01-12 L3 Experimental prototype document functions
\l__xtemplate_tmp_dim=\dimen160
\l__xtemplate_tmp_int=\count287
\l__xtemplate_tmp_muskip=\muskip17
\l__xtemplate_tmp_skip=\skip60
)
(/usr/share/texlive/texmf-dist/tex/latex/l3packages/xparse/xparse.sty
Package: xparse 2022-01-12 L3 Experimental document command parser
)
\l__xeCJK_tmp_int=\count288
\l__xeCJK_tmp_box=\box53
\l__xeCJK_tmp_dim=\dimen161
\l__xeCJK_tmp_skip=\skip61
\g__xeCJK_space_factor_int=\count289
\l__xeCJK_begin_int=\count290
\l__xeCJK_end_int=\count291
\c__xeCJK_CJK_class_int=\XeTeXcharclass1
\c__xeCJK_FullLeft_class_int=\XeTeXcharclass2
\c__xeCJK_FullRight_class_int=\XeTeXcharclass3
\c__xeCJK_HalfLeft_class_int=\XeTeXcharclass4
\c__xeCJK_HalfRight_class_int=\XeTeXcharclass5
\c__xeCJK_NormalSpace_class_int=\XeTeXcharclass6
\c__xeCJK_CM_class_int=\XeTeXcharclass7
\c__xeCJK_HangulJamo_class_int=\XeTeXcharclass8
\l__xeCJK_last_skip=\skip62
\g__xeCJK_node_int=\count292
\c__xeCJK_CJK_node_dim=\dimen162
\c__xeCJK_CJK-space_node_dim=\dimen163
\c__xeCJK_default_node_dim=\dimen164
\c__xeCJK_default-space_node_dim=\dimen165
\c__xeCJK_CJK-widow_node_dim=\dimen166
\c__xeCJK_normalspace_node_dim=\dimen167
\l__xeCJK_ccglue_skip=\skip63
\l__xeCJK_ecglue_skip=\skip64
\l__xeCJK_punct_kern_skip=\skip65
\l__xeCJK_last_penalty_int=\count293
\l__xeCJK_last_bound_dim=\dimen168
\l__xeCJK_last_kern_dim=\dimen169
\l__xeCJK_widow_penalty_int=\count294

Package xtemplate Info: Declaring object type 'xeCJK/punctuation' taking 0
(xtemplate)             argument(s) on line 2337.

\l__xeCJK_fixed_punct_width_dim=\dimen170
\l__xeCJK_mixed_punct_width_dim=\dimen171
\l__xeCJK_middle_punct_width_dim=\dimen172
\l__xeCJK_fixed_margin_width_dim=\dimen173
\l__xeCJK_mixed_margin_width_dim=\dimen174
\l__xeCJK_middle_margin_width_dim=\dimen175
\l__xeCJK_bound_punct_width_dim=\dimen176
\l__xeCJK_bound_margin_width_dim=\dimen177
\l__xeCJK_margin_minimum_dim=\dimen178
\l__xeCJK_kerning_total_width_dim=\dimen179
\l__xeCJK_same_align_margin_dim=\dimen180
\l__xeCJK_different_align_margin_dim=\dimen181
\l__xeCJK_kerning_margin_width_dim=\dimen182
\l__xeCJK_kerning_margin_minimum_dim=\dimen183
\l__xeCJK_bound_dim=\dimen184
\l__xeCJK_reverse_bound_dim=\dimen185
\l__xeCJK_margin_dim=\dimen186
\l__xeCJK_minimum_bound_dim=\dimen187
\l__xeCJK_kerning_margin_dim=\dimen188
\g__xeCJK_family_int=\count295
\l__xeCJK_fam_int=\count296
\g__xeCJK_fam_allocation_int=\count297
\l__xeCJK_verb_case_int=\count298
\l__xeCJK_verb_exspace_skip=\skip66

(/usr/share/texlive/texmf-dist/tex/latex/fontspec/fontspec.sty
Package: fontspec 2022/01/15 v2.8a Font selection for XeLaTeX and LuaLaTeX

(/usr/share/texlive/texmf-dist/tex/latex/fontspec/fontspec-xetex.sty
Package: fontspec-xetex 2022/01/15 v2.8a Font selection for XeLaTeX and LuaLaTe
X
\l__fontspec_script_int=\count299
\l__fontspec_language_int=\count300
\l__fontspec_strnum_int=\count301
\l__fontspec_tmp_int=\count302
\l__fontspec_tmpa_int=\count303
\l__fontspec_tmpb_int=\count304
\l__fontspec_tmpc_int=\count305
\l__fontspec_em_int=\count306
\l__fontspec_emdef_int=\count307
\l__fontspec_strong_int=\count308
\l__fontspec_strongdef_int=\count309
\l__fontspec_tmpa_dim=\dimen189
\l__fontspec_tmpb_dim=\dimen190
\l__fontspec_tmpc_dim=\dimen191

(/usr/share/texlive/texmf-dist/tex/latex/base/fontenc.sty
Package: fontenc 2021/04/29 v2.0v Standard LaTeX package
)
(/usr/share/texlive/texmf-dist/tex/latex/fontspec/fontspec.cfg)))
(/usr/share/texlive/texmf-dist/tex/xelatex/xecjk/xeCJK.cfg
File: xeCJK.cfg 2021/12/12 v3.8.8 Configuration file for xeCJK package
))

Package fontspec Info: Font family 'SimSun.ttf(0)' created for font
(fontspec)             'SimSun.ttf' with options
(fontspec)             [Script={CJK},Path={font/},AutoFakeBold={2.25},ItalicFon
t={simkai.ttf}].
(fontspec)              
(fontspec)              This font family consists of the following NFSS
(fontspec)             series/shapes:
(fontspec)              
(fontspec)             - 'normal' (m/n) with NFSS spec.:
(fontspec)             <->"[font/SimSun.ttf]/OT:script=hani;language=dflt;"
(fontspec)             - 'small caps'  (m/sc) with NFSS spec.: 
(fontspec)             - 'bold' (b/n) with NFSS spec.:
(fontspec)             <->"[font/SimSun.ttf]/OT:script=hani;language=dflt;embol
den=2.25;"
(fontspec)             - 'bold small caps'  (b/sc) with NFSS spec.: 
(fontspec)             - 'italic' (m/it) with NFSS spec.:
(fontspec)             <->"[font/simkai.ttf]/OT:script=hani;language=dflt;"
(fontspec)             - 'italic small caps'  (m/scit) with NFSS spec.: 


(/usr/share/texlive/texmf-dist/tex/latex/ntheorem/ntheorem.sty
Style `ntheorem', Version 1.33 <2011/08/15>
Package: ntheorem 2011/08/15 1.33
\theorem@style=\toks22
\theorem@@style=\toks23
\theorembodyfont=\toks24
\theoremnumbering=\toks25
\theorempreskipamount=\skip67
\theorempostskipamount=\skip68
\theoremframepreskipamount=\skip69
\theoremframepostskipamount=\skip70
\theoreminframepreskipamount=\skip71
\theoreminframepostskipamount=\skip72
\theorem@preskip=\toks26
\theorem@postskip=\toks27
\theorem@framepreskip=\toks28
\theorem@framepostskip=\toks29
\theorem@inframepreskip=\toks30
\theorem@inframepostskip=\toks31
\theoremindent=\dimen192
\theorem@indent=\dimen193
\theoremrightindent=\dimen194
\theorem@rightindent=\dimen195
\theoremheaderfont=\toks32
\theoremseparator=\toks33
\theoremprework=\toks34
\theorempostwork=\toks35
\theoremsymbol=\toks36
\qedsymbol=\toks37
\theoremkeyword=\toks38
\qedsymbol=\toks39
\thm@topsep=\skip73
\thm@topsepadd=\skip74
Package ntheorem Info: Option `thmmarks' loaded on input line 1175.
\c@endNonectr=\count310
\c@currNonectr=\count311
\mysavskip=\skip75
Package ntheorem Info: option `amsmath' handling for `thmmarks' loaded on input
 line 1175.
\thm@amstmpdepth=\dimen196
\tagwidth=\dimen197
) (/usr/share/texlive/texmf-dist/tex/latex/tools/array.sty
Package: array 2021/10/04 v2.5f Tabular extension package (FMi)
\col@sep=\dimen198
\ar@mcellbox=\box54
\extrarowheight=\dimen199
\NC@list=\toks40
\extratabsurround=\skip76
\backup@length=\skip77
\ar@cellbox=\box55
)
(/usr/share/texlive/texmf-dist/tex/latex/booktabs/booktabs.sty
Package: booktabs 2020/01/12 v1.61803398 Publication quality tables
\heavyrulewidth=\dimen256
\lightrulewidth=\dimen257
\cmidrulewidth=\dimen258
\belowrulesep=\dimen259
\belowbottomsep=\dimen260
\aboverulesep=\dimen261
\abovetopsep=\dimen262
\cmidrulesep=\dimen263
\cmidrulekern=\dimen264
\defaultaddspace=\dimen265
\@cmidla=\count312
\@cmidlb=\count313
\@aboverulesep=\dimen266
\@belowrulesep=\dimen267
\@thisruleclass=\count314
\@lastruleclass=\count315
\@thisrulewidth=\dimen268
)
(/usr/share/texlive/texmf-dist/tex/latex/titlesec/titletoc.sty
Package: titletoc 2021/07/05 v2.14 TOC entries
\ttl@leftsep=\dimen269
)
(/usr/share/texlive/texmf-dist/tex/latex/natbib/natbib.sty
Package: natbib 2010/09/13 8.31b (PWD, AO)
\bibhang=\skip78
\bibsep=\skip79
LaTeX Info: Redefining \cite on input line 694.
\c@NAT@ctr=\count316
)
(/usr/share/texlive/texmf-dist/tex/latex/listings/listings.sty
\lst@mode=\count317
\lst@gtempboxa=\box56
\lst@token=\toks41
\lst@length=\count318
\lst@currlwidth=\dimen270
\lst@column=\count319
\lst@pos=\count320
\lst@lostspace=\dimen271
\lst@width=\dimen272
\lst@newlines=\count321
\lst@lineno=\count322
\lst@maxwidth=\dimen273

(/usr/share/texlive/texmf-dist/tex/latex/listings/lstmisc.sty
File: lstmisc.sty 2020/03/24 1.8d (Carsten Heinz)
\c@lstnumber=\count323
\lst@skipnumbers=\count324
\lst@framebox=\box57
)
(/usr/share/texlive/texmf-dist/tex/latex/listings/listings.cfg
File: listings.cfg 2020/03/24 1.8d listings configuration
))
Package: listings 2020/03/24 1.8d (Carsten Heinz)

(/usr/share/texlive/texmf-dist/tex/xelatex/xecjk/xeCJK-listings.sty
Package: xeCJK-listings 2021/12/12 v3.8.8 xeCJK patch file for listings
\l__xeCJK_listings_max_char_int=\count325
\l__xeCJK_listings_flag_int=\count326
)
(/usr/share/texlive/texmf-dist/tex/latex/hyperref/hyperref.sty
Package: hyperref 2021-06-07 v7.00m Hypertext links for LaTeX

(/usr/share/texlive/texmf-dist/tex/generic/ltxcmds/ltxcmds.sty
Package: ltxcmds 2020-05-10 v1.25 LaTeX kernel commands for general use (HO)
)
(/usr/share/texlive/texmf-dist/tex/generic/pdftexcmds/pdftexcmds.sty
Package: pdftexcmds 2020-06-27 v0.33 Utility functions of pdfTeX for LuaTeX (HO
)

(/usr/share/texlive/texmf-dist/tex/generic/infwarerr/infwarerr.sty
Package: infwarerr 2019/12/03 v1.5 Providing info/warning/error messages (HO)
)
Package pdftexcmds Info: \pdf@primitive is available.
Package pdftexcmds Info: \pdf@ifprimitive is available.
Package pdftexcmds Info: \pdfdraftmode not found.
)
(/usr/share/texlive/texmf-dist/tex/generic/kvsetkeys/kvsetkeys.sty
Package: kvsetkeys 2019/12/15 v1.18 Key value parser (HO)
)
(/usr/share/texlive/texmf-dist/tex/generic/kvdefinekeys/kvdefinekeys.sty
Package: kvdefinekeys 2019-12-19 v1.6 Define keys (HO)
)
(/usr/share/texlive/texmf-dist/tex/generic/pdfescape/pdfescape.sty
Package: pdfescape 2019/12/09 v1.15 Implements pdfTeX's escape features (HO)
)
(/usr/share/texlive/texmf-dist/tex/latex/hycolor/hycolor.sty
Package: hycolor 2020-01-27 v1.10 Color options for hyperref/bookmark (HO)
)
(/usr/share/texlive/texmf-dist/tex/latex/letltxmacro/letltxmacro.sty
Package: letltxmacro 2019/12/03 v1.6 Let assignment for LaTeX macros (HO)
)
(/usr/share/texlive/texmf-dist/tex/latex/auxhook/auxhook.sty
Package: auxhook 2019-12-17 v1.6 Hooks for auxiliary files (HO)
)
(/usr/share/texlive/texmf-dist/tex/latex/kvoptions/kvoptions.sty
Package: kvoptions 2020-10-07 v3.14 Key value format for package options (HO)
)
\@linkdim=\dimen274
\Hy@linkcounter=\count327
\Hy@pagecounter=\count328

(/usr/share/texlive/texmf-dist/tex/latex/hyperref/pd1enc.def
File: pd1enc.def 2021-06-07 v7.00m Hyperref: PDFDocEncoding definition (HO)
)
(/usr/share/texlive/texmf-dist/tex/latex/hyperref/hyperref-langpatches.def
File: hyperref-langpatches.def 2021-06-07 v7.00m Hyperref: patches for babel la
nguages
)
(/usr/share/texlive/texmf-dist/tex/generic/intcalc/intcalc.sty
Package: intcalc 2019/12/15 v1.3 Expandable calculations with integers (HO)
)
(/usr/share/texlive/texmf-dist/tex/generic/etexcmds/etexcmds.sty
Package: etexcmds 2019/12/15 v1.7 Avoid name clashes with e-TeX commands (HO)
)
\Hy@SavedSpaceFactor=\count329

(/usr/share/texlive/texmf-dist/tex/latex/hyperref/puenc.def
File: puenc.def 2021-06-07 v7.00m Hyperref: PDF Unicode definition (HO)
)
Package hyperref Info: Hyper figures OFF on input line 4192.
Package hyperref Info: Link nesting OFF on input line 4197.
Package hyperref Info: Hyper index ON on input line 4200.
Package hyperref Info: Plain pages OFF on input line 4207.
Package hyperref Info: Backreferencing OFF on input line 4212.
Package hyperref Info: Implicit mode ON; LaTeX internals redefined.
Package hyperref Info: Bookmarks ON on input line 4445.
\c@Hy@tempcnt=\count330

(/usr/share/texlive/texmf-dist/tex/latex/url/url.sty
\Urlmuskip=\muskip18
Package: url 2013/09/16  ver 3.4  Verb mode for urls, etc.
)
LaTeX Info: Redefining \url on input line 4804.
\XeTeXLinkMargin=\dimen275

(/usr/share/texlive/texmf-dist/tex/generic/bitset/bitset.sty
Package: bitset 2019/12/09 v1.3 Handle bit-vector datatype (HO)

(/usr/share/texlive/texmf-dist/tex/generic/bigintcalc/bigintcalc.sty
Package: bigintcalc 2019/12/15 v1.5 Expandable calculations on big integers (HO
)
))
\Fld@menulength=\count331
\Field@Width=\dimen276
\Fld@charsize=\dimen277
Package hyperref Info: Hyper figures OFF on input line 6076.
Package hyperref Info: Link nesting OFF on input line 6081.
Package hyperref Info: Hyper index ON on input line 6084.
Package hyperref Info: backreferencing OFF on input line 6091.
Package hyperref Info: Link coloring OFF on input line 6096.
Package hyperref Info: Link coloring with OCG OFF on input line 6101.
Package hyperref Info: PDF/A mode OFF on input line 6106.
LaTeX Info: Redefining \ref on input line 6146.
LaTeX Info: Redefining \pageref on input line 6150.

(/usr/share/texlive/texmf-dist/tex/latex/base/atbegshi-ltx.sty
Package: atbegshi-ltx 2021/01/10 v1.0c Emulation of the original atbegshi
package with kernel methods
)
\Hy@abspage=\count332
\c@Item=\count333
\c@Hfootnote=\count334
)
Package hyperref Info: Driver: hxetex.

(/usr/share/texlive/texmf-dist/tex/latex/hyperref/hxetex.def
File: hxetex.def 2021-06-07 v7.00m Hyperref driver for XeTeX

(/usr/share/texlive/texmf-dist/tex/generic/stringenc/stringenc.sty
Package: stringenc 2019/11/29 v1.12 Convert strings between diff. encodings (HO
)
)
\pdfm@box=\box58
\c@Hy@AnnotLevel=\count335
\HyField@AnnotCount=\count336
\Fld@listcount=\count337
\c@bookmark@seq@number=\count338

(/usr/share/texlive/texmf-dist/tex/latex/rerunfilecheck/rerunfilecheck.sty
Package: rerunfilecheck 2019/12/05 v1.9 Rerun checks for auxiliary files (HO)

(/usr/share/texlive/texmf-dist/tex/latex/base/atveryend-ltx.sty
Package: atveryend-ltx 2020/08/19 v1.0a Emulation of the original atveryend pac
kage
with kernel methods
)
(/usr/share/texlive/texmf-dist/tex/generic/uniquecounter/uniquecounter.sty
Package: uniquecounter 2019/12/15 v1.4 Provide unlimited unique counter (HO)
)
Package uniquecounter Info: New unique counter `rerunfilecheck' on input line 2
86.
)
\Hy@SectionHShift=\skip80
)
Package hyperref Info: Option `CJKbookmarks' set `true' on input line 249.
Package hyperref Info: Option `bookmarksnumbered' set `true' on input line 249.

Package hyperref Info: Option `bookmarksopen' set `true' on input line 249.
Package hyperref Info: Option `breaklinks' set `true' on input line 249.
Package hyperref Info: Option `colorlinks' set `true' on input line 249.
Package hyperref Info: Option `plainpages' set `false' on input line 249.

(/usr/share/texlive/texmf-dist/tex/latex/hypernat/hypernat.sty
Invalid UTF-8 byte or sequence at line 22 replaced by U+FFFD.
Invalid UTF-8 byte or sequence at line 24 replaced by U+FFFD.
Package: hypernat 2001/07/09 v1.0b hyperref and natbib compatibility (jb)
)
\HUSTtopsep=\skip81
\HUSTnormlabelsep=\dimen278
\labelindent=\dimen279
\HUSTlabelindent=\dimen280
\thu@linespace=\skip82
\CJKtwospaces=\skip83

(/usr/share/texlive/texmf-dist/tex/latex/xcolor/xcolor.sty
Package: xcolor 2021/10/31 v2.13 LaTeX color extensions (UK)

(/usr/share/texlive/texmf-dist/tex/latex/graphics-cfg/color.cfg
File: color.cfg 2016/01/02 v1.6 sample color configuration
)
Package xcolor Info: Driver file: xetex.def on input line 227.

(/usr/share/texlive/texmf-dist/tex/latex/colortbl/colortbl.sty
Package: colortbl 2020/01/04 v1.0e Color table columns (DPC)
\everycr=\toks42
\minrowclearance=\skip84
)
\rownum=\count339
Package xcolor Info: Model `cmy' substituted by `cmy0' on input line 1352.
Package xcolor Info: Model `RGB' extended on input line 1368.
Package xcolor Info: Model `HTML' substituted by `rgb' on input line 1370.
Package xcolor Info: Model `Hsb' substituted by `hsb' on input line 1371.
Package xcolor Info: Model `tHsb' substituted by `hsb' on input line 1372.
Package xcolor Info: Model `HSB' substituted by `hsb' on input line 1373.
Package xcolor Info: Model `Gray' substituted by `gray' on input line 1374.
Package xcolor Info: Model `wave' substituted by `hsb' on input line 1375.
)
\c@currdefinitionctr=\count340
\c@enddefinitionctr=\count341
\c@definition=\count342
\c@currpropositionctr=\count343
\c@endpropositionctr=\count344
\c@proposition=\count345
\c@currlemmactr=\count346
\c@endlemmactr=\count347
\c@lemma=\count348
\c@currtheoremctr=\count349
\c@endtheoremctr=\count350
\c@theorem=\count351
\c@curraxiomctr=\count352
\c@endaxiomctr=\count353
\c@axiom=\count354
\c@currcorollaryctr=\count355
\c@endcorollaryctr=\count356
\c@corollary=\count357
\c@currexercisectr=\count358
\c@endexercisectr=\count359
\c@exercise=\count360
\c@currexamplectr=\count361
\c@endexamplectr=\count362
\c@example=\count363
\c@currproofctr=\count364
\c@endproofctr=\count365
\c@proof=\count366
)
(./HUSTtils.sty
Package: HUSTtils 2006/03/27 2.2 any packages you would like to use
 (/usr/share/texlive/texmf-dist/tex/latex/multirow/multirow.sty
Package: multirow 2021/03/15 v2.8 Span multiple rows of a table
\multirow@colwidth=\skip85
\multirow@cntb=\count367
\multirow@dima=\skip86
\bigstrutjot=\dimen281
) (/usr/share/texlive/texmf-dist/tex/generic/soul/soul.sty
Package: soul 2003/11/17 v2.4 letterspacing/underlining (mf)
\SOUL@word=\toks43
\SOUL@lasttoken=\toks44
\SOUL@cmds=\toks45
\SOUL@buffer=\toks46
\SOUL@token=\toks47
\SOUL@spaceskip=\skip87
\SOUL@ttwidth=\dimen282
\SOUL@uldp=\dimen283
\SOUL@ulht=\dimen284
)
(/usr/share/texlive/texmf-dist/tex/latex/makecell/makecell.sty
Package: makecell 2009/08/03 V0.1e Managing of Tab Column Heads and Cells
\rotheadsize=\dimen285
\c@nlinenum=\count368
\TeXr@lab=\toks48
)
(/usr/share/texlive/texmf-dist/tex/latex/silence/silence.sty
Package: silence 2012/07/02 v1.5b Selective filtering of warnings and error mes
sages
\sl@Save=\count369
\sl@StateNumber=\count370
\sl@MessageCount=\count371
\sl@Casualties=\count372
\sl@Filter=\toks49
\sl@Message=\toks50
\sl@UnexpandedMessage=\toks51
\sl@Mess@ge=\toks52
\sl@WarningCount=\count373
\sl@WarningNumber=\count374
\sl@WarningCasualties=\count375
\sl@TempBOW=\toks53
\sl@BankOfWarnings=\toks54
LaTeX Info: Redefining \GenericWarning on input line 433.
\sl@ErrorCount=\count376
\sl@ErrorNumber=\count377
\sl@ErrorCasualties=\count378
\sl@TempBOE=\toks55
\sl@BankOfErrors=\toks56
LaTeX Info: Redefining \GenericError on input line 601.
)
(/usr/share/texlive/texmf-dist/tex/latex/pdfpages/pdfpages.sty
Package: pdfpages 2022/01/29 v0.5u Insert pages of external PDF documents (AM)

(/usr/share/texlive/texmf-dist/tex/latex/eso-pic/eso-pic.sty
Package: eso-pic 2020/10/14 v3.0a eso-pic (RN)
\ESO@tempdima=\dimen286
\ESO@tempdimb=\dimen287
)
\AM@pagewidth=\dimen288
\AM@pageheight=\dimen289
\AM@fboxrule=\dimen290

(/usr/share/texlive/texmf-dist/tex/latex/pdfpages/ppxetex.def
File: ppxetex.def 2022/01/29 v0.5u Pdfpages driver for XeTeX (AM)
)
\pdfpages@includegraphics@status=\count379
\AM@pagebox=\box59
\AM@global@opts=\toks57
\AM@pagecnt=\count380
\AM@toc@title=\toks58
\c@AM@survey=\count381
\AM@templatesizebox=\box60
)
(/usr/share/texlive/texmf-dist/tex/latex/algorithm2e/algorithm2e.sty
Invalid UTF-8 byte or sequence at line 284 replaced by U+FFFD.
Invalid UTF-8 byte or sequence at line 299 replaced by U+FFFD.
Invalid UTF-8 byte or sequence at line 550 replaced by U+FFFD.
Package: algorithm2e 2017/07/18 v5.2 algorithms environments
\c@AlgoLine=\count382
\algocf@hangindent=\skip88

(/usr/share/texlive/texmf-dist/tex/latex/ifoddpage/ifoddpage.sty
Package: ifoddpage 2016/04/23 v1.1 Conditionals for odd/even page detection
\c@checkoddpage=\count383
)
(/usr/share/texlive/texmf-dist/tex/latex/tools/xspace.sty
Package: xspace 2014/10/28 v1.13 Space after command names (DPC,MH)
)
(/usr/share/texlive/texmf-dist/tex/latex/relsize/relsize.sty
Package: relsize 2013/03/29 ver 4.1
)
\skiptotal=\skip89
\skiplinenumber=\skip90
\skiprule=\skip91
\skiphlne=\skip92
\skiptext=\skip93
\skiplength=\skip94
\algomargin=\skip95
\skipalgocfslide=\skip96
\algowidth=\dimen291
\inoutsize=\dimen292
\inoutindent=\dimen293
\interspacetitleruled=\dimen294
\interspacealgoruled=\dimen295
\interspacetitleboxruled=\dimen296
\algocf@ruledwidth=\skip97
\algocf@inoutbox=\box61
\algocf@inputbox=\box62
\AlCapSkip=\skip98
\AlCapHSkip=\skip99
\algoskipindent=\skip100
\algocf@nlbox=\box63
\algocf@hangingbox=\box64
\algocf@untilbox=\box65
\algocf@skipuntil=\skip101
\algocf@capbox=\box66
\algocf@lcaptionbox=\skip102
\algoheightruledefault=\skip103
\algoheightrule=\skip104
\algotitleheightruledefault=\skip105
\algotitleheightrule=\skip106
\c@algocfline=\count384
\c@algocfproc=\count385
\c@algocf=\count386
\algocf@algoframe=\box67
\algocf@algobox=\box68
)
(/usr/share/texlive/texmf-dist/tex/latex/algorithmicx/algpseudocode.sty
Package: algpseudocode 

(/usr/share/texlive/texmf-dist/tex/latex/algorithmicx/algorithmicx.sty
Package: algorithmicx 2005/04/27 v1.2 Algorithmicx

Document Style algorithmicx 1.2 - a greatly improved `algorithmic' style
\c@ALG@line=\count387
\c@ALG@rem=\count388
\c@ALG@nested=\count389
\ALG@tlm=\skip107
\ALG@thistlm=\skip108
\c@ALG@Lnr=\count390
\c@ALG@blocknr=\count391
\c@ALG@storecount=\count392
\c@ALG@tmpcounter=\count393
\ALG@tmplength=\skip109
)
Document Style - pseudocode environments for use with the `algorithmicx' style
) (/usr/share/texlive/texmf-dist/tex/latex/chngcntr/chngcntr.sty
Package: chngcntr 2018/04/09 v1.1a change counter resetting
Package chngcntr Info: \counterwithout already defined.
(chngcntr)             Quitting chngcntr on input line 21.
)
(/usr/share/texlive/texmf-dist/tex/latex/xurl/xurl.sty
Package: xurl 2022/01/09 v 0.10 modify URL breaks
)
(/usr/share/texlive/texmf-dist/tex/latex/enumitem/enumitem.sty
Package: enumitem 2019/06/20 v3.9 Customized lists
\labelindent=\skip110
\enit@outerparindent=\dimen297
\enit@toks=\toks59
\enit@inbox=\box69
\enit@count@id=\count394
\enitdp@description=\count395
)
(/usr/share/texlive/texmf-dist/tex/latex/natbib/bibentry.sty
Package: bibentry 2007/10/30 1.5 (PWD)
)
(/usr/share/texlive/texmf-dist/tex/latex/physics/physics.sty
Package: physics 
)
(/usr/share/texlive/texmf-dist/tex/latex/pgf/frontendlayer/tikz.sty
(/usr/share/texlive/texmf-dist/tex/latex/pgf/basiclayer/pgf.sty
(/usr/share/texlive/texmf-dist/tex/latex/pgf/utilities/pgfrcs.sty
(/usr/share/texlive/texmf-dist/tex/generic/pgf/utilities/pgfutil-common.tex
\pgfutil@everybye=\toks60
\pgfutil@tempdima=\dimen298
\pgfutil@tempdimb=\dimen299

(/usr/share/texlive/texmf-dist/tex/generic/pgf/utilities/pgfutil-common-lists.t
ex)) (/usr/share/texlive/texmf-dist/tex/generic/pgf/utilities/pgfutil-latex.def
\pgfutil@abb=\box70
) (/usr/share/texlive/texmf-dist/tex/generic/pgf/utilities/pgfrcs.code.tex
(/usr/share/texlive/texmf-dist/tex/generic/pgf/pgf.revision.tex)
Package: pgfrcs 2021/05/15 v3.1.9a (3.1.9a)
))
Package: pgf 2021/05/15 v3.1.9a (3.1.9a)

(/usr/share/texlive/texmf-dist/tex/latex/pgf/basiclayer/pgfcore.sty
(/usr/share/texlive/texmf-dist/tex/latex/pgf/systemlayer/pgfsys.sty
(/usr/share/texlive/texmf-dist/tex/generic/pgf/systemlayer/pgfsys.code.tex
Package: pgfsys 2021/05/15 v3.1.9a (3.1.9a)

(/usr/share/texlive/texmf-dist/tex/generic/pgf/utilities/pgfkeys.code.tex
\pgfkeys@pathtoks=\toks61
\pgfkeys@temptoks=\toks62

(/usr/share/texlive/texmf-dist/tex/generic/pgf/utilities/pgfkeysfiltered.code.t
ex
\pgfkeys@tmptoks=\toks63
))
\pgf@x=\dimen300
\pgf@y=\dimen301
\pgf@xa=\dimen302
\pgf@ya=\dimen303
\pgf@xb=\dimen304
\pgf@yb=\dimen305
\pgf@xc=\dimen306
\pgf@yc=\dimen307
\pgf@xd=\dimen308
\pgf@yd=\dimen309
\w@pgf@writea=\write3
\r@pgf@reada=\read2
\c@pgf@counta=\count396
\c@pgf@countb=\count397
\c@pgf@countc=\count398
\c@pgf@countd=\count399
\t@pgf@toka=\toks64
\t@pgf@tokb=\toks65
\t@pgf@tokc=\toks66
\pgf@sys@id@count=\count400
 (/usr/share/texlive/texmf-dist/tex/generic/pgf/systemlayer/pgf.cfg
File: pgf.cfg 2021/05/15 v3.1.9a (3.1.9a)
)
Driver file for pgf: pgfsys-xetex.def

(/usr/share/texlive/texmf-dist/tex/generic/pgf/systemlayer/pgfsys-xetex.def
File: pgfsys-xetex.def 2021/05/15 v3.1.9a (3.1.9a)

(/usr/share/texlive/texmf-dist/tex/generic/pgf/systemlayer/pgfsys-dvipdfmx.def
File: pgfsys-dvipdfmx.def 2021/05/15 v3.1.9a (3.1.9a)

(/usr/share/texlive/texmf-dist/tex/generic/pgf/systemlayer/pgfsys-common-pdf.de
f
File: pgfsys-common-pdf.def 2021/05/15 v3.1.9a (3.1.9a)
)
\pgfsys@objnum=\count401
)))
(/usr/share/texlive/texmf-dist/tex/generic/pgf/systemlayer/pgfsyssoftpath.code.
tex
File: pgfsyssoftpath.code.tex 2021/05/15 v3.1.9a (3.1.9a)
\pgfsyssoftpath@smallbuffer@items=\count402
\pgfsyssoftpath@bigbuffer@items=\count403
)
(/usr/share/texlive/texmf-dist/tex/generic/pgf/systemlayer/pgfsysprotocol.code.
tex
File: pgfsysprotocol.code.tex 2021/05/15 v3.1.9a (3.1.9a)
))
(/usr/share/texlive/texmf-dist/tex/generic/pgf/basiclayer/pgfcore.code.tex
Package: pgfcore 2021/05/15 v3.1.9a (3.1.9a)

(/usr/share/texlive/texmf-dist/tex/generic/pgf/math/pgfmath.code.tex
(/usr/share/texlive/texmf-dist/tex/generic/pgf/math/pgfmathcalc.code.tex
(/usr/share/texlive/texmf-dist/tex/generic/pgf/math/pgfmathutil.code.tex)
(/usr/share/texlive/texmf-dist/tex/generic/pgf/math/pgfmathparser.code.tex
\pgfmath@dimen=\dimen310
\pgfmath@count=\count404
\pgfmath@box=\box71
\pgfmath@toks=\toks67
\pgfmath@stack@operand=\toks68
\pgfmath@stack@operation=\toks69
)
(/usr/share/texlive/texmf-dist/tex/generic/pgf/math/pgfmathfunctions.code.tex
(/usr/share/texlive/texmf-dist/tex/generic/pgf/math/pgfmathfunctions.basic.code
.tex)
(/usr/share/texlive/texmf-dist/tex/generic/pgf/math/pgfmathfunctions.trigonomet
ric.code.tex)
(/usr/share/texlive/texmf-dist/tex/generic/pgf/math/pgfmathfunctions.random.cod
e.tex)
(/usr/share/texlive/texmf-dist/tex/generic/pgf/math/pgfmathfunctions.comparison
.code.tex)
(/usr/share/texlive/texmf-dist/tex/generic/pgf/math/pgfmathfunctions.base.code.
tex)
(/usr/share/texlive/texmf-dist/tex/generic/pgf/math/pgfmathfunctions.round.code
.tex)
(/usr/share/texlive/texmf-dist/tex/generic/pgf/math/pgfmathfunctions.misc.code.
tex)
(/usr/share/texlive/texmf-dist/tex/generic/pgf/math/pgfmathfunctions.integerari
thmetics.code.tex)))
(/usr/share/texlive/texmf-dist/tex/generic/pgf/math/pgfmathfloat.code.tex
\c@pgfmathroundto@lastzeros=\count405
))
(/usr/share/texlive/texmf-dist/tex/generic/pgf/math/pgfint.code.tex)
(/usr/share/texlive/texmf-dist/tex/generic/pgf/basiclayer/pgfcorepoints.code.te
x
File: pgfcorepoints.code.tex 2021/05/15 v3.1.9a (3.1.9a)
\pgf@picminx=\dimen311
\pgf@picmaxx=\dimen312
\pgf@picminy=\dimen313
\pgf@picmaxy=\dimen314
\pgf@pathminx=\dimen315
\pgf@pathmaxx=\dimen316
\pgf@pathminy=\dimen317
\pgf@pathmaxy=\dimen318
\pgf@xx=\dimen319
\pgf@xy=\dimen320
\pgf@yx=\dimen321
\pgf@yy=\dimen322
\pgf@zx=\dimen323
\pgf@zy=\dimen324
)
(/usr/share/texlive/texmf-dist/tex/generic/pgf/basiclayer/pgfcorepathconstruct.
code.tex
File: pgfcorepathconstruct.code.tex 2021/05/15 v3.1.9a (3.1.9a)
\pgf@path@lastx=\dimen325
\pgf@path@lasty=\dimen326
)
(/usr/share/texlive/texmf-dist/tex/generic/pgf/basiclayer/pgfcorepathusage.code
.tex
File: pgfcorepathusage.code.tex 2021/05/15 v3.1.9a (3.1.9a)
\pgf@shorten@end@additional=\dimen327
\pgf@shorten@start@additional=\dimen328
)
(/usr/share/texlive/texmf-dist/tex/generic/pgf/basiclayer/pgfcorescopes.code.te
x
File: pgfcorescopes.code.tex 2021/05/15 v3.1.9a (3.1.9a)
\pgfpic=\box72
\pgf@hbox=\box73
\pgf@layerbox@main=\box74
\pgf@picture@serial@count=\count406
)
(/usr/share/texlive/texmf-dist/tex/generic/pgf/basiclayer/pgfcoregraphicstate.c
ode.tex
File: pgfcoregraphicstate.code.tex 2021/05/15 v3.1.9a (3.1.9a)
\pgflinewidth=\dimen329
)
(/usr/share/texlive/texmf-dist/tex/generic/pgf/basiclayer/pgfcoretransformation
s.code.tex
File: pgfcoretransformations.code.tex 2021/05/15 v3.1.9a (3.1.9a)
\pgf@pt@x=\dimen330
\pgf@pt@y=\dimen331
\pgf@pt@temp=\dimen332
)
(/usr/share/texlive/texmf-dist/tex/generic/pgf/basiclayer/pgfcorequick.code.tex
File: pgfcorequick.code.tex 2021/05/15 v3.1.9a (3.1.9a)
)
(/usr/share/texlive/texmf-dist/tex/generic/pgf/basiclayer/pgfcoreobjects.code.t
ex
File: pgfcoreobjects.code.tex 2021/05/15 v3.1.9a (3.1.9a)
)
(/usr/share/texlive/texmf-dist/tex/generic/pgf/basiclayer/pgfcorepathprocessing
.code.tex
File: pgfcorepathprocessing.code.tex 2021/05/15 v3.1.9a (3.1.9a)
)
(/usr/share/texlive/texmf-dist/tex/generic/pgf/basiclayer/pgfcorearrows.code.te
x
File: pgfcorearrows.code.tex 2021/05/15 v3.1.9a (3.1.9a)
\pgfarrowsep=\dimen333
)
(/usr/share/texlive/texmf-dist/tex/generic/pgf/basiclayer/pgfcoreshade.code.tex
File: pgfcoreshade.code.tex 2021/05/15 v3.1.9a (3.1.9a)
\pgf@max=\dimen334
\pgf@sys@shading@range@num=\count407
\pgf@shadingcount=\count408
)
(/usr/share/texlive/texmf-dist/tex/generic/pgf/basiclayer/pgfcoreimage.code.tex
File: pgfcoreimage.code.tex 2021/05/15 v3.1.9a (3.1.9a)

(/usr/share/texlive/texmf-dist/tex/generic/pgf/basiclayer/pgfcoreexternal.code.
tex
File: pgfcoreexternal.code.tex 2021/05/15 v3.1.9a (3.1.9a)
\pgfexternal@startupbox=\box75
))
(/usr/share/texlive/texmf-dist/tex/generic/pgf/basiclayer/pgfcorelayers.code.te
x
File: pgfcorelayers.code.tex 2021/05/15 v3.1.9a (3.1.9a)
)
(/usr/share/texlive/texmf-dist/tex/generic/pgf/basiclayer/pgfcoretransparency.c
ode.tex
File: pgfcoretransparency.code.tex 2021/05/15 v3.1.9a (3.1.9a)
)
(/usr/share/texlive/texmf-dist/tex/generic/pgf/basiclayer/pgfcorepatterns.code.
tex
File: pgfcorepatterns.code.tex 2021/05/15 v3.1.9a (3.1.9a)
)
(/usr/share/texlive/texmf-dist/tex/generic/pgf/basiclayer/pgfcorerdf.code.tex
File: pgfcorerdf.code.tex 2021/05/15 v3.1.9a (3.1.9a)
)))
(/usr/share/texlive/texmf-dist/tex/generic/pgf/modules/pgfmoduleshapes.code.tex
File: pgfmoduleshapes.code.tex 2021/05/15 v3.1.9a (3.1.9a)
\pgfnodeparttextbox=\box76
) (/usr/share/texlive/texmf-dist/tex/generic/pgf/modules/pgfmoduleplot.code.tex
File: pgfmoduleplot.code.tex 2021/05/15 v3.1.9a (3.1.9a)
)
(/usr/share/texlive/texmf-dist/tex/latex/pgf/compatibility/pgfcomp-version-0-65
.sty
Package: pgfcomp-version-0-65 2021/05/15 v3.1.9a (3.1.9a)
\pgf@nodesepstart=\dimen335
\pgf@nodesepend=\dimen336
)
(/usr/share/texlive/texmf-dist/tex/latex/pgf/compatibility/pgfcomp-version-1-18
.sty
Package: pgfcomp-version-1-18 2021/05/15 v3.1.9a (3.1.9a)
)) (/usr/share/texlive/texmf-dist/tex/latex/pgf/utilities/pgffor.sty
(/usr/share/texlive/texmf-dist/tex/latex/pgf/utilities/pgfkeys.sty
(/usr/share/texlive/texmf-dist/tex/generic/pgf/utilities/pgfkeys.code.tex))
(/usr/share/texlive/texmf-dist/tex/latex/pgf/math/pgfmath.sty
(/usr/share/texlive/texmf-dist/tex/generic/pgf/math/pgfmath.code.tex))
(/usr/share/texlive/texmf-dist/tex/generic/pgf/utilities/pgffor.code.tex
Package: pgffor 2021/05/15 v3.1.9a (3.1.9a)

(/usr/share/texlive/texmf-dist/tex/generic/pgf/math/pgfmath.code.tex)
\pgffor@iter=\dimen337
\pgffor@skip=\dimen338
\pgffor@stack=\toks70
\pgffor@toks=\toks71
))
(/usr/share/texlive/texmf-dist/tex/generic/pgf/frontendlayer/tikz/tikz.code.tex
Package: tikz 2021/05/15 v3.1.9a (3.1.9a)

(/usr/share/texlive/texmf-dist/tex/generic/pgf/libraries/pgflibraryplothandlers
.code.tex
File: pgflibraryplothandlers.code.tex 2021/05/15 v3.1.9a (3.1.9a)
\pgf@plot@mark@count=\count409
\pgfplotmarksize=\dimen339
)
\tikz@lastx=\dimen340
\tikz@lasty=\dimen341
\tikz@lastxsaved=\dimen342
\tikz@lastysaved=\dimen343
\tikz@lastmovetox=\dimen344
\tikz@lastmovetoy=\dimen345
\tikzleveldistance=\dimen346
\tikzsiblingdistance=\dimen347
\tikz@figbox=\box77
\tikz@figbox@bg=\box78
\tikz@tempbox=\box79
\tikz@tempbox@bg=\box80
\tikztreelevel=\count410
\tikznumberofchildren=\count411
\tikznumberofcurrentchild=\count412
\tikz@fig@count=\count413

(/usr/share/texlive/texmf-dist/tex/generic/pgf/modules/pgfmodulematrix.code.tex
File: pgfmodulematrix.code.tex 2021/05/15 v3.1.9a (3.1.9a)
\pgfmatrixcurrentrow=\count414
\pgfmatrixcurrentcolumn=\count415
\pgf@matrix@numberofcolumns=\count416
)
\tikz@expandcount=\count417

(/usr/share/texlive/texmf-dist/tex/generic/pgf/frontendlayer/tikz/libraries/tik
zlibrarytopaths.code.tex
File: tikzlibrarytopaths.code.tex 2021/05/15 v3.1.9a (3.1.9a)
)))
(/usr/share/texlive/texmf-dist/tex/generic/mathdots/mathdots.sty
Package: mathdots 2014/06/11 v0.9 Improve and add various macros for dots in ma
th.
\MDo@unit=\dimen348
\MDo@dotsbox=\box81
\MDoprekern=\muskip19
\MDopostkern=\muskip20
\MDodotkern=\muskip21
)
(/usr/share/texlive/texmf-dist/tex/latex/yhmath/yhmath.sty
Package: yhmath 2020/03/17 v1.6
\symyhlargesymbols=\mathgroup6
LaTeX Font Info:    Redeclaring math accent \widetilde on input line 29.
LaTeX Font Info:    Redeclaring math accent \widehat on input line 30.
LaTeX Font Info:    Redeclaring math symbol \braceld on input line 48.
LaTeX Font Info:    Redeclaring math symbol \bracerd on input line 49.
LaTeX Font Info:    Redeclaring math symbol \bracelu on input line 50.
LaTeX Font Info:    Redeclaring math symbol \braceru on input line 51.
LaTeX Font Info:    Redeclaring math delimiter \lmoustache on input line 53.
LaTeX Font Info:    Redeclaring math delimiter \rmoustache on input line 55.
LaTeX Font Info:    Redeclaring math delimiter \arrowvert on input line 57.
LaTeX Font Info:    Redeclaring math delimiter \Arrowvert on input line 59.
LaTeX Font Info:    Redeclaring math delimiter \Vert on input line 61.
LaTeX Font Info:    Redeclaring math delimiter \vert on input line 63.
LaTeX Font Info:    Redeclaring math delimiter \uparrow on input line 65.
LaTeX Font Info:    Redeclaring math delimiter \downarrow on input line 67.
LaTeX Font Info:    Redeclaring math delimiter \updownarrow on input line 69.
LaTeX Font Info:    Redeclaring math delimiter \Uparrow on input line 71.
LaTeX Font Info:    Redeclaring math delimiter \Downarrow on input line 73.
LaTeX Font Info:    Redeclaring math delimiter \Updownarrow on input line 75.
LaTeX Font Info:    Redeclaring math delimiter \backslash on input line 79.
LaTeX Font Info:    Redeclaring math delimiter \rangle on input line 81.
LaTeX Font Info:    Redeclaring math delimiter \langle on input line 83.
LaTeX Font Info:    Redeclaring math delimiter \rbrace on input line 85.
LaTeX Font Info:    Redeclaring math delimiter \lbrace on input line 87.
LaTeX Font Info:    Redeclaring math delimiter \rceil on input line 89.
LaTeX Font Info:    Redeclaring math delimiter \lceil on input line 91.
LaTeX Font Info:    Redeclaring math delimiter \rfloor on input line 93.
LaTeX Font Info:    Redeclaring math delimiter \lfloor on input line 95.
LaTeX Font Info:    Redeclaring math delimiter \lgroup on input line 97.
LaTeX Font Info:    Redeclaring math delimiter \rgroup on input line 99.
LaTeX Font Info:    Redeclaring math delimiter \bracevert on input line 101.
)
(/usr/share/texlive/texmf-dist/tex/latex/cancel/cancel.sty
Package: cancel 2013/04/12 v2.2 Cancel math terms
)
(/usr/share/texlive/texmf-dist/tex/latex/siunitx/siunitx.sty
Package: siunitx 2022-02-02 v3.0.46 A comprehensive (SI) units package
\l__siunitx_angle_tmp_dim=\dimen349
\l__siunitx_angle_marker_box=\box82
\l__siunitx_angle_unit_box=\box83
\l__siunitx_compound_count_int=\count418

(/usr/share/texlive/texmf-dist/tex/latex/translations/translations.sty
Package: translations 2022/01/04 v1.11 internationalization of LaTeX2e packages
 (CN)

(/usr/share/texlive/texmf-dist/tex/latex/etoolbox/etoolbox.sty
Package: etoolbox 2020/10/05 v2.5k e-TeX tools for LaTeX (JAW)
\etb@tempcnta=\count419
))
\l__siunitx_number_exponent_fixed_int=\count420
\l__siunitx_number_min_decimal_int=\count421
\l__siunitx_number_min_integer_int=\count422
\l__siunitx_number_round_precision_int=\count423
\l__siunitx_number_group_minimum_int=\count424
\l__siunitx_table_tmp_box=\box84
\l__siunitx_table_tmp_dim=\dimen350
\l__siunitx_table_column_width_dim=\dimen351
\l__siunitx_table_integer_box=\box85
\l__siunitx_table_decimal_box=\box86
\l__siunitx_table_before_box=\box87
\l__siunitx_table_after_box=\box88
\l__siunitx_table_before_dim=\dimen352
\l__siunitx_table_carry_dim=\dimen353
\l__siunitx_unit_tmp_int=\count425
\l__siunitx_unit_position_int=\count426
\l__siunitx_unit_total_int=\count427


Package siunitx Warning: Detected the "physics" package:
(siunitx)                Omitting definition of \qty.

) (/usr/share/texlive/texmf-dist/tex/latex/was/gensymb.sty
Package: gensymb 2003/07/02 v1.0 (WaS)
)
(/usr/share/texlive/texmf-dist/tex/latex/tools/tabularx.sty
Package: tabularx 2020/01/15 v2.11c `tabularx' package (DPC)
\TX@col@width=\dimen354
\TX@old@table=\dimen355
\TX@old@col=\dimen356
\TX@target=\dimen357
\TX@delta=\dimen358
\TX@cols=\count428
\TX@ftn=\toks72
)
(/usr/share/texlive/texmf-dist/tex/generic/pgf/frontendlayer/tikz/libraries/tik
zlibraryfadings.code.tex
File: tikzlibraryfadings.code.tex 2021/05/15 v3.1.9a (3.1.9a)

(/usr/share/texlive/texmf-dist/tex/generic/pgf/libraries/pgflibraryfadings.code
.tex
File: pgflibraryfadings.code.tex 2021/05/15 v3.1.9a (3.1.9a)
))
(/usr/share/texlive/texmf-dist/tex/generic/pgf/frontendlayer/tikz/libraries/tik
zlibrarypatterns.code.tex
File: tikzlibrarypatterns.code.tex 2021/05/15 v3.1.9a (3.1.9a)

(/usr/share/texlive/texmf-dist/tex/generic/pgf/libraries/pgflibrarypatterns.cod
e.tex
File: pgflibrarypatterns.code.tex 2021/05/15 v3.1.9a (3.1.9a)
))
(/usr/share/texlive/texmf-dist/tex/latex/pgf-blur/tikzlibraryshadows.blur.code.
tex  v1.02, 2012/12/09
(/usr/share/texlive/texmf-dist/tex/generic/pgf/frontendlayer/tikz/libraries/tik
zlibraryshadows.code.tex
File: tikzlibraryshadows.code.tex 2021/05/15 v3.1.9a (3.1.9a)
)
(/usr/share/texlive/texmf-dist/tex/generic/pgf/frontendlayer/tikz/libraries/tik
zlibrarycalc.code.tex
File: tikzlibrarycalc.code.tex 2021/05/15 v3.1.9a (3.1.9a)
)
\pgfbs@fading@count=\count429
)
(/usr/share/texlive/texmf-dist/tex/generic/pgf/frontendlayer/tikz/libraries/tik
zlibraryshapes.code.tex
File: tikzlibraryshapes.code.tex 2021/05/15 v3.1.9a (3.1.9a)

(/usr/share/texlive/texmf-dist/tex/generic/pgf/frontendlayer/tikz/libraries/tik
zlibraryshapes.geometric.code.tex
File: tikzlibraryshapes.geometric.code.tex 2021/05/15 v3.1.9a (3.1.9a)

(/usr/share/texlive/texmf-dist/tex/generic/pgf/libraries/shapes/pgflibraryshape
s.geometric.code.tex
File: pgflibraryshapes.geometric.code.tex 2021/05/15 v3.1.9a (3.1.9a)
))
(/usr/share/texlive/texmf-dist/tex/generic/pgf/frontendlayer/tikz/libraries/tik
zlibraryshapes.misc.code.tex
File: tikzlibraryshapes.misc.code.tex 2021/05/15 v3.1.9a (3.1.9a)

(/usr/share/texlive/texmf-dist/tex/generic/pgf/libraries/shapes/pgflibraryshape
s.misc.code.tex
File: pgflibraryshapes.misc.code.tex 2021/05/15 v3.1.9a (3.1.9a)
))
(/usr/share/texlive/texmf-dist/tex/generic/pgf/frontendlayer/tikz/libraries/tik
zlibraryshapes.symbols.code.tex
File: tikzlibraryshapes.symbols.code.tex 2021/05/15 v3.1.9a (3.1.9a)

(/usr/share/texlive/texmf-dist/tex/generic/pgf/libraries/shapes/pgflibraryshape
s.symbols.code.tex
File: pgflibraryshapes.symbols.code.tex 2021/05/15 v3.1.9a (3.1.9a)
))
(/usr/share/texlive/texmf-dist/tex/generic/pgf/frontendlayer/tikz/libraries/tik
zlibraryshapes.arrows.code.tex
File: tikzlibraryshapes.arrows.code.tex 2021/05/15 v3.1.9a (3.1.9a)

(/usr/share/texlive/texmf-dist/tex/generic/pgf/libraries/shapes/pgflibraryshape
s.arrows.code.tex
File: pgflibraryshapes.arrows.code.tex 2021/05/15 v3.1.9a (3.1.9a)
))
(/usr/share/texlive/texmf-dist/tex/generic/pgf/frontendlayer/tikz/libraries/tik
zlibraryshapes.callouts.code.tex
(/usr/share/texlive/texmf-dist/tex/generic/pgf/libraries/shapes/pgflibraryshape
s.callouts.code.tex))
(/usr/share/texlive/texmf-dist/tex/generic/pgf/frontendlayer/tikz/libraries/tik
zlibraryshapes.multipart.code.tex
File: tikzlibraryshapes.multipart.code.tex 2021/05/15 v3.1.9a (3.1.9a)

(/usr/share/texlive/texmf-dist/tex/generic/pgf/libraries/shapes/pgflibraryshape
s.multipart.code.tex
File: pgflibraryshapes.multipart.code.tex 2021/05/15 v3.1.9a (3.1.9a)
\pgfnodepartlowerbox=\box89
\pgfnodeparttwobox=\box90
\pgfnodepartthreebox=\box91
\pgfnodepartfourbox=\box92
\pgfnodeparttwentybox=\box93
\pgfnodepartnineteenbox=\box94
\pgfnodeparteighteenbox=\box95
\pgfnodepartseventeenbox=\box96
\pgfnodepartsixteenbox=\box97
\pgfnodepartfifteenbox=\box98
\pgfnodepartfourteenbox=\box99
\pgfnodepartthirteenbox=\box100
\pgfnodeparttwelvebox=\box101
\pgfnodepartelevenbox=\box102
\pgfnodeparttenbox=\box103
\pgfnodepartninebox=\box104
\pgfnodeparteightbox=\box105
\pgfnodepartsevenbox=\box106
\pgfnodepartsixbox=\box107
\pgfnodepartfivebox=\box108
)))
(/usr/share/texlive/texmf-dist/tex/generic/pgf/frontendlayer/tikz/libraries/tik
zlibraryarrows.code.tex
File: tikzlibraryarrows.code.tex 2021/05/15 v3.1.9a (3.1.9a)

(/usr/share/texlive/texmf-dist/tex/generic/pgf/libraries/pgflibraryarrows.code.
tex
File: pgflibraryarrows.code.tex 2021/05/15 v3.1.9a (3.1.9a)
\arrowsize=\dimen359
))
(/usr/share/texlive/texmf-dist/tex/generic/pgf/frontendlayer/tikz/libraries/tik
zlibraryautomata.code.tex
File: tikzlibraryautomata.code.tex 2021/05/15 v3.1.9a (3.1.9a)
)
(/usr/share/texlive/texmf-dist/tex/generic/pgf/frontendlayer/tikz/libraries/tik
zlibrarypositioning.code.tex
File: tikzlibrarypositioning.code.tex 2021/05/15 v3.1.9a (3.1.9a)
)
(/usr/share/texlive/texmf-dist/tex/generic/pgf/frontendlayer/tikz/libraries/tik
zlibrarydecorations.pathmorphing.code.tex
(/usr/share/texlive/texmf-dist/tex/generic/pgf/frontendlayer/tikz/libraries/tik
zlibrarydecorations.code.tex
(/usr/share/texlive/texmf-dist/tex/generic/pgf/modules/pgfmoduledecorations.cod
e.tex
\pgfdecoratedcompleteddistance=\dimen360
\pgfdecoratedremainingdistance=\dimen361
\pgfdecoratedinputsegmentcompleteddistance=\dimen362
\pgfdecoratedinputsegmentremainingdistance=\dimen363
\pgf@decorate@distancetomove=\dimen364
\pgf@decorate@repeatstate=\count430
\pgfdecorationsegmentamplitude=\dimen365
\pgfdecorationsegmentlength=\dimen366
)
\tikz@lib@dec@box=\box109
)
(/usr/share/texlive/texmf-dist/tex/generic/pgf/libraries/decorations/pgflibrary
decorations.pathmorphing.code.tex))
(/usr/share/texlive/texmf-dist/tex/generic/pgf/frontendlayer/tikz/libraries/tik
zlibrarydecorations.pathreplacing.code.tex
(/usr/share/texlive/texmf-dist/tex/generic/pgf/libraries/decorations/pgflibrary
decorations.pathreplacing.code.tex))
(/usr/share/texlive/texmf-dist/tex/latex/dot2texi/dot2texi.sty
Package: dot2texi 2008/05/07 v3.0p1 Run dot2tex from LaTeX

(/usr/share/texlive/texmf-dist/tex/latex/moreverb/moreverb.sty
Package: moreverb 2008/06/03 v2.3a `more' verbatim facilities

(/usr/share/texlive/texmf-dist/tex/latex/tools/verbatim.sty
Package: verbatim 2020-07-07 v1.5u LaTeX2e package for verbatim enhancements
\every@verbatim=\toks73
\verbatim@line=\toks74
\verbatim@in@stream=\read3
)
\tab@position=\count431
\tab@size=\count432
\listing@line=\count433
)
(/usr/share/texlive/texmf-dist/tex/latex/xkeyval/xkeyval.sty
Package: xkeyval 2020/11/20 v2.8 package option processing (HA)

(/usr/share/texlive/texmf-dist/tex/generic/xkeyval/xkeyval.tex
(/usr/share/texlive/texmf-dist/tex/generic/xkeyval/xkvutils.tex
\XKV@toks=\toks75
\XKV@tempa@toks=\toks76
)
\XKV@depth=\count434
File: xkeyval.tex 2014/12/03 v2.7a key=value parser (HA)
))
\verbatim@out=\write4
runsystem(echo 'write18-test-2026325422'>"main.w18")...disabled (restricted).



Package dot2texi Warning: Shell escape not enabled.
(dot2texi)                You'll need to convert the graphs yourself..

\c@dtt@fignum=\count435
) (/usr/share/texlive/texmf-dist/tex/latex/adjustbox/adjustbox.sty
Package: adjustbox 2020/08/19 v1.3 Adjusting TeX boxes (trim, clip, ...)

(/usr/share/texlive/texmf-dist/tex/latex/adjustbox/adjcalc.sty
Package: adjcalc 2012/05/16 v1.1 Provides advanced setlength with multiple back
-ends (calc, etex, pgfmath)
)
(/usr/share/texlive/texmf-dist/tex/latex/adjustbox/trimclip.sty
Package: trimclip 2020/08/19 v1.2 Trim and clip general TeX material

(/usr/share/texlive/texmf-dist/tex/latex/collectbox/collectbox.sty
Package: collectbox 2012/05/17 v0.4b Collect macro arguments as boxes
\collectedbox=\box110
)
\tc@llx=\dimen367
\tc@lly=\dimen368
\tc@urx=\dimen369
\tc@ury=\dimen370
Package trimclip Info: Using driver 'tc-xetex.def'.

(/usr/share/texlive/texmf-dist/tex/latex/adjustbox/tc-xetex.def
File: tc-xetex.def 2019/01/04 v2.2 Clipping driver for xetex
))
\adjbox@Width=\dimen371
\adjbox@Height=\dimen372
\adjbox@Depth=\dimen373
\adjbox@Totalheight=\dimen374
\adjbox@pwidth=\dimen375
\adjbox@pheight=\dimen376
\adjbox@pdepth=\dimen377
\adjbox@ptotalheight=\dimen378

(/usr/share/texlive/texmf-dist/tex/latex/varwidth/varwidth.sty
Package: varwidth 2009/03/30 ver 0.92;  Variable-width minipages
\@vwid@box=\box111
\sift@deathcycles=\count436
\@vwid@loff=\dimen379
\@vwid@roff=\dimen380
))
(/usr/share/texlive/texmf-dist/tex/latex/float/float.sty
Package: float 2001/11/08 v1.3d Float enhancements (AL)
\c@float@type=\count437
\float@exts=\toks77
\float@box=\box112
\@float@everytoks=\toks78
\@floatcapt=\box113
)
(/usr/share/texlive/texmf-dist/tex/latex/tools/longtable.sty
Package: longtable 2021-09-01 v4.17 Multi-page Table package (DPC)
\LTleft=\skip111
\LTright=\skip112
\LTpre=\skip113
\LTpost=\skip114
\LTchunksize=\count438
\LTcapwidth=\dimen381
\LT@head=\box114
\LT@firsthead=\box115
\LT@foot=\box116
\LT@lastfoot=\box117
\LT@gbox=\box118
\LT@cols=\count439
\LT@rows=\count440
\c@LT@tables=\count441
\c@LT@chunks=\count442
\LT@p@ftn=\toks79
)
(/usr/share/texlive/texmf-dist/tex/latex/overpic/overpic.sty
Package: overpic 2020/02/22 1.3 picture overlays (RN)

(/usr/share/texlive/texmf-dist/tex/latex/eepic/epic.sty
Enhancements to Picture Environment. Version 1.2 - Released June 1, 1986
\@@multicnt=\count443
\d@lta=\count444
\@delta=\dimen382
\@@delta=\dimen383
\@gridcnt=\count445
\@joinkind=\count446
\@dotgap=\dimen384
\@ddotgap=\dimen385
\@x@diff=\count447
\@y@diff=\count448
\x@diff=\dimen386
\y@diff=\dimen387
\@dotbox=\box119
\num@segments=\count449
\num@segmentsi=\count450
\@datafile=\read4
)
\OVP@box=\box120
) (/usr/share/texlive/texmf-dist/tex/latex/mathtools/mathtools.sty
Package: mathtools 2021/02/02 v1.28 mathematical typesetting tools

(/usr/share/texlive/texmf-dist/tex/latex/mathtools/mhsetup.sty
Package: mhsetup 2021/03/18 v1.4 programming setup (MH)
)
\g_MT_multlinerow_int=\count451
\l_MT_multwidth_dim=\dimen388
\origjot=\skip115
\l_MT_shortvdotswithinadjustabove_dim=\dimen389
\l_MT_shortvdotswithinadjustbelow_dim=\dimen390
\l_MT_above_intertext_sep=\dimen391
\l_MT_below_intertext_sep=\dimen392
\l_MT_above_shortintertext_sep=\dimen393
\l_MT_below_shortintertext_sep=\dimen394
\xmathstrut@box=\box121
\xmathstrut@dim=\dimen395
))

Package fontspec Info: Font family 'TimesNewRoman(0)' created for font 'Times
(fontspec)             New Roman' with options [Ligatures=TeX].
(fontspec)              
(fontspec)              This font family consists of the following NFSS
(fontspec)             series/shapes:
(fontspec)              
(fontspec)             - 'normal' (m/n) with NFSS spec.: <->"Times New
(fontspec)             Roman/OT:language=dflt;mapping=tex-text;"
(fontspec)             - 'small caps'  (m/sc) with NFSS spec.: 
(fontspec)             - 'bold' (b/n) with NFSS spec.: <->"Times New
(fontspec)             Roman/B/OT:language=dflt;mapping=tex-text;"
(fontspec)             - 'bold small caps'  (b/sc) with NFSS spec.: 
(fontspec)             - 'italic' (m/it) with NFSS spec.: <->"Times New
(fontspec)             Roman/I/OT:language=dflt;mapping=tex-text;"
(fontspec)             - 'italic small caps'  (m/scit) with NFSS spec.: 
(fontspec)             - 'bold italic' (b/it) with NFSS spec.: <->"Times New
(fontspec)             Roman/BI/OT:language=dflt;mapping=tex-text;"
(fontspec)             - 'bold italic small caps'  (b/scit) with NFSS spec.: 

Package translations Info: No language package found. I am going to use `englis
h' as default language. on input line 60.
 (./main.aux
(./body/chap01.aux) (./body/chap02.aux) (./body/chap03.aux) (./body/chap04.aux)
(./body/conclusion.aux

LaTeX Warning: Label `sec:contribution' multiply defined.

) (./body/ack.aux))
\openout1 = `main.aux'.

LaTeX Font Info:    Checking defaults for OML/cmm/m/it on input line 60.
LaTeX Font Info:    ... okay on input line 60.
LaTeX Font Info:    Checking defaults for OMS/cmsy/m/n on input line 60.
LaTeX Font Info:    ... okay on input line 60.
LaTeX Font Info:    Checking defaults for OT1/cmr/m/n on input line 60.
LaTeX Font Info:    ... okay on input line 60.
LaTeX Font Info:    Checking defaults for T1/cmr/m/n on input line 60.
LaTeX Font Info:    ... okay on input line 60.
LaTeX Font Info:    Checking defaults for TS1/cmr/m/n on input line 60.
LaTeX Font Info:    Trying to load font information for TS1+cmr on input line 6
0.
 (/usr/share/texlive/texmf-dist/tex/latex/base/ts1cmr.fd
File: ts1cmr.fd 2019/12/16 v2.5j Standard LaTeX font definitions
)
LaTeX Font Info:    ... okay on input line 60.
LaTeX Font Info:    Checking defaults for TU/lmr/m/n on input line 60.
LaTeX Font Info:    ... okay on input line 60.
LaTeX Font Info:    Checking defaults for OMX/cmex/m/n on input line 60.
LaTeX Font Info:    ... okay on input line 60.
LaTeX Font Info:    Checking defaults for U/cmr/m/n on input line 60.
LaTeX Font Info:    ... okay on input line 60.
LaTeX Font Info:    Checking defaults for PD1/pdf/m/n on input line 60.
LaTeX Font Info:    ... okay on input line 60.
LaTeX Font Info:    Checking defaults for PU/pdf/m/n on input line 60.
LaTeX Font Info:    ... okay on input line 60.
Package caption Info: Begin \AtBeginDocument code.
Package caption Info: subfig package v1.3 is loaded.
Package caption Info: float package is loaded.
Package caption Info: hyperref package is loaded.
Package caption Info: listings package is loaded.
Package caption Info: longtable package is loaded.

(/usr/share/texlive/texmf-dist/tex/latex/caption/ltcaption.sty
Package: ltcaption 2020/05/30 v1.4b longtable captions (AR)
)
Package caption Info: End \AtBeginDocument code.

Package fontspec Info: Adjusting the maths setup (use [no-math] to avoid
(fontspec)             this).

\symlegacymaths=\mathgroup7
LaTeX Font Info:    Overwriting symbol font `legacymaths' in version `bold'
(Font)                  OT1/cmr/m/n --> OT1/cmr/bx/n on input line 60.
LaTeX Font Info:    Redeclaring math accent \acute on input line 60.
LaTeX Font Info:    Redeclaring math accent \grave on input line 60.
LaTeX Font Info:    Redeclaring math accent \ddot on input line 60.
LaTeX Font Info:    Redeclaring math accent \tilde on input line 60.
LaTeX Font Info:    Redeclaring math accent \bar on input line 60.
LaTeX Font Info:    Redeclaring math accent \breve on input line 60.
LaTeX Font Info:    Redeclaring math accent \check on input line 60.
LaTeX Font Info:    Redeclaring math accent \hat on input line 60.
LaTeX Font Info:    Redeclaring math accent \dot on input line 60.
LaTeX Font Info:    Redeclaring math accent \mathring on input line 60.
LaTeX Font Info:    Redeclaring math symbol \Gamma on input line 60.
LaTeX Font Info:    Redeclaring math symbol \Delta on input line 60.
LaTeX Font Info:    Redeclaring math symbol \Theta on input line 60.
LaTeX Font Info:    Redeclaring math symbol \Lambda on input line 60.
LaTeX Font Info:    Redeclaring math symbol \Xi on input line 60.
LaTeX Font Info:    Redeclaring math symbol \Pi on input line 60.
LaTeX Font Info:    Redeclaring math symbol \Sigma on input line 60.
LaTeX Font Info:    Redeclaring math symbol \Upsilon on input line 60.
LaTeX Font Info:    Redeclaring math symbol \Phi on input line 60.
LaTeX Font Info:    Redeclaring math symbol \Psi on input line 60.
LaTeX Font Info:    Redeclaring math symbol \Omega on input line 60.
LaTeX Font Info:    Redeclaring math symbol \mathdollar on input line 60.
LaTeX Font Info:    Redeclaring symbol font `operators' on input line 60.
LaTeX Font Info:    Encoding `OT1' has changed to `TU' for symbol font
(Font)              `operators' in the math version `normal' on input line 60.
LaTeX Font Info:    Overwriting symbol font `operators' in version `normal'
(Font)                  OT1/cmr/m/n --> TU/TimesNewRoman(0)/m/n on input line 6
0.
LaTeX Font Info:    Encoding `OT1' has changed to `TU' for symbol font
(Font)              `operators' in the math version `bold' on input line 60.
LaTeX Font Info:    Overwriting symbol font `operators' in version `bold'
(Font)                  OT1/cmr/bx/n --> TU/TimesNewRoman(0)/m/n on input line 
60.
LaTeX Font Info:    Overwriting symbol font `operators' in version `normal'
(Font)                  TU/TimesNewRoman(0)/m/n --> TU/TimesNewRoman(0)/m/n on 
input line 60.
LaTeX Font Info:    Overwriting math alphabet `\mathit' in version `normal'
(Font)                  OT1/cmr/m/it --> TU/TimesNewRoman(0)/m/it on input line
 60.
LaTeX Font Info:    Overwriting math alphabet `\mathbf' in version `normal'
(Font)                  OT1/cmr/bx/n --> TU/TimesNewRoman(0)/b/n on input line 
60.
LaTeX Font Info:    Overwriting math alphabet `\mathsf' in version `normal'
(Font)                  OT1/cmss/m/n --> TU/lmss/m/n on input line 60.
LaTeX Font Info:    Overwriting math alphabet `\mathtt' in version `normal'
(Font)                  OT1/cmtt/m/n --> TU/lmtt/m/n on input line 60.
LaTeX Font Info:    Overwriting symbol font `operators' in version `bold'
(Font)                  TU/TimesNewRoman(0)/m/n --> TU/TimesNewRoman(0)/b/n on 
input line 60.
LaTeX Font Info:    Overwriting math alphabet `\mathit' in version `bold'
(Font)                  OT1/cmr/bx/it --> TU/TimesNewRoman(0)/b/it on input lin
e 60.
LaTeX Font Info:    Overwriting math alphabet `\mathsf' in version `bold'
(Font)                  OT1/cmss/bx/n --> TU/lmss/b/n on input line 60.
LaTeX Font Info:    Overwriting math alphabet `\mathtt' in version `bold'
(Font)                  OT1/cmtt/m/n --> TU/lmtt/b/n on input line 60.
\c@lstlisting=\count452
Package hyperref Info: Link coloring ON on input line 60.

(/usr/share/texlive/texmf-dist/tex/latex/hyperref/nameref.sty
Package: nameref 2021-04-02 v2.47 Cross-referencing by name of section

(/usr/share/texlive/texmf-dist/tex/latex/refcount/refcount.sty
Package: refcount 2019/12/15 v3.6 Data extraction from label references (HO)
)
(/usr/share/texlive/texmf-dist/tex/generic/gettitlestring/gettitlestring.sty
Package: gettitlestring 2019/12/15 v1.6 Cleanup title references (HO)
)
\c@section@level=\count453
)
LaTeX Info: Redefining \ref on input line 60.
LaTeX Info: Redefining \pageref on input line 60.
LaTeX Info: Redefining \nameref on input line 60.

(./main.out) (./main.out)
\@outlinefile=\write5
\openout5 = `main.out'.


(/usr/share/texlive/texmf-dist/tex/latex/pdflscape/pdflscape.sty
Package: pdflscape 2019/12/05 v0.12 Display of landscape pages in PDF (HO)

(/usr/share/texlive/texmf-dist/tex/latex/graphics/lscape.sty
Package: lscape 2020/05/28 v3.02 Landscape Pages (DPC)
)
Package pdflscape Info: Auto-detected driver: dvipdfm (xetex) on input line 98.

)
(/usr/share/texlive/texmf-dist/tex/latex/translations/translations-basic-dictio
nary-english.trsl
File: translations-basic-dictionary-english.trsl (english translation file `tra
nslations-basic-dictionary')
)
Package translations Info: loading dictionary `translations-basic-dictionary' f
or `english'. on input line 60.
LaTeX Info: Redefining \celsius on input line 60.
Package gensymb Info: Faking symbols for \degree and \celsius on input line 60.

LaTeX Info: Redefining \ohm on input line 60.
Package gensymb Info: Using \Omega for \ohm on input line 60.
 (./body/0cover.tex)
LaTeX Font Info:    Trying to load font information for U+msa on input line 68.


(/usr/share/texlive/texmf-dist/tex/latex/amsfonts/umsa.fd
File: umsa.fd 2013/01/14 v3.01 AMS symbols A
)
LaTeX Font Info:    Trying to load font information for U+msb on input line 68.


(/usr/share/texlive/texmf-dist/tex/latex/amsfonts/umsb.fd
File: umsb.fd 2013/01/14 v3.01 AMS symbols B
)
LaTeX Font Info:    Trying to load font information for OMX+yhex on input line 
68.

(/usr/share/texlive/texmf-dist/tex/latex/yhmath/OMXyhex.fd
File: OMXyhex.fd 
File: OMXyhex.fd 2013/07/03 v1.1 YH's humble contribution to TeX maths (NP)
)
Overfull \hbox (60.0pt too wide) in paragraph at lines 68--68
 [] 
 []

File: figures/hust-logo.eps Graphic file (type eps)
<figures/hust-logo.eps>

Package fontspec Info: Font family 'STZhongsong.ttf(0)' created for font
(fontspec)             'STZhongsong.ttf' with options
(fontspec)             [Script={CJK},Path={font/},AutoFakeBold={2.25},ItalicFon
t={simkai.ttf}].
(fontspec)              
(fontspec)              This font family consists of the following NFSS
(fontspec)             series/shapes:
(fontspec)              
(fontspec)             - 'normal' (m/n) with NFSS spec.:
(fontspec)             <->"[font/STZhongsong.ttf]/OT:script=hani;language=dflt;
"
(fontspec)             - 'small caps'  (m/sc) with NFSS spec.: 
(fontspec)             - 'bold' (b/n) with NFSS spec.:
(fontspec)             <->"[font/STZhongsong.ttf]/OT:script=hani;language=dflt;
embolden=2.25;"
(fontspec)             - 'bold small caps'  (b/sc) with NFSS spec.: 
(fontspec)             - 'italic' (m/it) with NFSS spec.:
(fontspec)             <->"[font/simkai.ttf]/OT:script=hani;language=dflt;"
(fontspec)             - 'italic small caps'  (m/scit) with NFSS spec.: 

LaTeX Font Info:    Calculating math sizes for size <15> on input line 68.
[1



]
Overfull \hbox (86.63875pt too wide) in paragraph at lines 68--68
 [][] 
 []

[2

]

Package fontspec Info: Font family 'SimHei.ttf(0)' created for font
(fontspec)             'SimHei.ttf' with options
(fontspec)             [Script={CJK},Path={font/},AutoFakeBold={2.25},ItalicFon
t={simkai.ttf}].
(fontspec)              
(fontspec)              This font family consists of the following NFSS
(fontspec)             series/shapes:
(fontspec)              
(fontspec)             - 'normal' (m/n) with NFSS spec.:
(fontspec)             <->"[font/SimHei.ttf]/OT:script=hani;language=dflt;"
(fontspec)             - 'small caps'  (m/sc) with NFSS spec.: 
(fontspec)             - 'bold' (b/n) with NFSS spec.:
(fontspec)             <->"[font/SimHei.ttf]/OT:script=hani;language=dflt;embol
den=2.25;"
(fontspec)             - 'bold small caps'  (b/sc) with NFSS spec.: 
(fontspec)             - 'italic' (m/it) with NFSS spec.:
(fontspec)             <->"[font/simkai.ttf]/OT:script=hani;language=dflt;"
(fontspec)             - 'italic small caps'  (m/scit) with NFSS spec.: 


Overfull \hbox (26.0pt too wide) in paragraph at lines 68--68
 []|  [] 
 []


Overfull \hbox (26.0pt too wide) in paragraph at lines 68--68
 []|  [] 
 []


Overfull \hbox (2.0pt too wide) in paragraph at lines 68--68
 []|  [] 
 []

[3

]

Package hyperref Warning: Token not allowed in a PDF string (Unicode):
(hyperref)                removing `\sihao' on input line 68.


Overfull \hbox (6.0pt too wide) in paragraph at lines 68--68
[] 
 []


Package fontspec Info: Font family 'simkai.ttf(0)' created for font
(fontspec)             'simkai.ttf' with options
(fontspec)             [Script={CJK},Path={font/},AutoFakeBold={2.25},ItalicFon
t={simkai.ttf}].
(fontspec)              
(fontspec)              This font family consists of the following NFSS
(fontspec)             series/shapes:
(fontspec)              
(fontspec)             - 'normal' (m/n) with NFSS spec.:
(fontspec)             <->"[font/simkai.ttf]/OT:script=hani;language=dflt;"
(fontspec)             - 'small caps'  (m/sc) with NFSS spec.: 
(fontspec)             - 'bold' (b/n) with NFSS spec.:
(fontspec)             <->"[font/simkai.ttf]/OT:script=hani;language=dflt;embol
den=2.25;"
(fontspec)             - 'bold small caps'  (b/sc) with NFSS spec.: 
(fontspec)             - 'italic' (m/it) with NFSS spec.:
(fontspec)             <->"[font/simkai.ttf]/OT:script=hani;language=dflt;"
(fontspec)             - 'italic small caps'  (m/scit) with NFSS spec.: 


Overfull \hbox (8.14285pt too wide) has occurred while \output is active
[]  [] 
 []


Overfull \hbox (2.0pt too wide) has occurred while \output is active
[][] 
 []


Overfull \hbox (6.14285pt too wide) has occurred while \output is active
 []
 []

[1


]

Package hyperref Warning: Token not allowed in a PDF string (Unicode):
(hyperref)                removing `\sihao' on input line 68.


Overfull \hbox (8.14285pt too wide) has occurred while \output is active
[]  [] 
 []


Overfull \hbox (2.0pt too wide) has occurred while \output is active
[][] 
 []


Overfull \hbox (6.14285pt too wide) has occurred while \output is active
 []
 []

[2


]
Overfull \hbox (6.0pt too wide) in paragraph at lines 68--69
[]
 []


Overfull \hbox (8.14285pt too wide) has occurred while \output is active
[]  [] 
 []


Overfull \hbox (2.0pt too wide) has occurred while \output is active
[][] 
 []


Overfull \hbox (6.14285pt too wide) has occurred while \output is active
 []
 []

[3] (./main.toc
Overfull \hbox (8.14285pt too wide) has occurred while \output is active
[]  [] 
 []


Overfull \hbox (2.0pt too wide) has occurred while \output is active
[][] 
 []


Overfull \hbox (6.14285pt too wide) has occurred while \output is active
 []
 []

[4

])
\tf@toc=\write6
\openout6 = `main.toc'.


Overfull \hbox (8.14285pt too wide) has occurred while \output is active
[]  [] 
 []


Overfull \hbox (2.0pt too wide) has occurred while \output is active
[][] 
 []


Overfull \hbox (6.14285pt too wide) has occurred while \output is active
 []
 []

[5]
\openout2 = `body/chap01.aux'.

 (./body/chap01.tex
Chapter 1.

Overfull \hbox (8.14285pt too wide) has occurred while \output is active
[]  [] 
 []


Overfull \hbox (2.0pt too wide) has occurred while \output is active
[][] 
 []


Overfull \hbox (6.14285pt too wide) has occurred while \output is active
 []
 []

[1



]
Overfull \hbox (8.14285pt too wide) has occurred while \output is active
[]  [] 
 []


Overfull \hbox (2.0pt too wide) has occurred while \output is active
[][] 
 []


Overfull \hbox (6.14285pt too wide) has occurred while \output is active
 []
 []

[2]
Overfull \hbox (8.14285pt too wide) has occurred while \output is active
[]  [] 
 []


Overfull \hbox (2.0pt too wide) has occurred while \output is active
[][] 
 []


Overfull \hbox (6.14285pt too wide) has occurred while \output is active
 []
 []

[3]
Overfull \hbox (8.14285pt too wide) has occurred while \output is active
[]  [] 
 []


Overfull \hbox (2.0pt too wide) has occurred while \output is active
[][] 
 []


Overfull \hbox (6.14285pt too wide) has occurred while \output is active
 []
 []

[4]
LaTeX Font Info:    Calculating math sizes for size <11> on input line 56.

Underfull \hbox (badness 10000) in paragraph at lines 60--60
[]|\TU/TimesNewRoman(0)/m/n/11 QEMU, Pre-
 []


Underfull \hbox (badness 10000) in paragraph at lines 62--62
[]|\TU/TimesNewRoman(0)/m/n/11 P2IM, uEmu,
 []


Underfull \hbox (badness 10000) in paragraph at lines 62--62
\TU/TimesNewRoman(0)/m/n/11 Laelaps, Fuz-
 []


Underfull \hbox (badness 10000) in paragraph at lines 64--64
[]|\TU/TimesNewRoman(0)/m/n/11 HALucinator,
 []


Underfull \hbox (badness 10000) in paragraph at lines 64--64
\TU/TimesNewRoman(0)/m/n/11 Firmadyne,
 []


Overfull \hbox (8.14285pt too wide) has occurred while \output is active
[]  [] 
 []


Overfull \hbox (2.0pt too wide) has occurred while \output is active
[][] 
 []


Overfull \hbox (6.14285pt too wide) has occurred while \output is active
 []
 []

[5]
Overfull \hbox (8.14285pt too wide) has occurred while \output is active
[]  [] 
 []


Overfull \hbox (2.0pt too wide) has occurred while \output is active
[][] 
 []


Overfull \hbox (6.14285pt too wide) has occurred while \output is active
 []
 []

[6]
Overfull \hbox (8.14285pt too wide) has occurred while \output is active
[]  [] 
 []


Overfull \hbox (2.0pt too wide) has occurred while \output is active
[][] 
 []


Overfull \hbox (6.14285pt too wide) has occurred while \output is active
 []
 []

[7]
Overfull \hbox (8.14285pt too wide) has occurred while \output is active
[]  [] 
 []


Overfull \hbox (2.0pt too wide) has occurred while \output is active
[][] 
 []


Overfull \hbox (6.14285pt too wide) has occurred while \output is active
 []
 []

[8]
Overfull \hbox (8.14285pt too wide) has occurred while \output is active
[]  [] 
 []


Overfull \hbox (2.0pt too wide) has occurred while \output is active
[][] 
 []


Overfull \hbox (6.14285pt too wide) has occurred while \output is active
 []
 []

[9]
File: figures/论文组织结构图.pdf Graphic file (type pdf)
<use figures/论文组织结构图.pdf>

Overfull \hbox (8.14285pt too wide) has occurred while \output is active
[]  [] 
 []


Overfull \hbox (2.0pt too wide) has occurred while \output is active
[][] 
 []


Overfull \hbox (6.14285pt too wide) has occurred while \output is active
 []
 []

[10])
Overfull \hbox (8.14285pt too wide) has occurred while \output is active
[]  [] 
 []


Overfull \hbox (2.0pt too wide) has occurred while \output is active
[][] 
 []


Overfull \hbox (6.14285pt too wide) has occurred while \output is active
 []
 []

[11]
Overfull \hbox (8.14285pt too wide) has occurred while \output is active
[]  [] 
 []


Overfull \hbox (2.0pt too wide) has occurred while \output is active
[][] 
 []


Overfull \hbox (6.14285pt too wide) has occurred while \output is active
 []
 []

[12]
\openout2 = `body/chap02.aux'.

 (./body/chap02.tex
Chapter 2.

Overfull \hbox (8.14285pt too wide) has occurred while \output is active
[]  [] 
 []


Overfull \hbox (2.0pt too wide) has occurred while \output is active
[][] 
 []


Overfull \hbox (6.14285pt too wide) has occurred while \output is active
 []
 []

[13




]
Overfull \hbox (8.14285pt too wide) has occurred while \output is active
[]  [] 
 []


Overfull \hbox (2.0pt too wide) has occurred while \output is active
[][] 
 []


Overfull \hbox (6.14285pt too wide) has occurred while \output is active
 []
 []

[14]
Overfull \hbox (8.14285pt too wide) has occurred while \output is active
[]  [] 
 []


Overfull \hbox (2.0pt too wide) has occurred while \output is active
[][] 
 []


Overfull \hbox (6.14285pt too wide) has occurred while \output is active
 []
 []

[15]
Overfull \hbox (8.14285pt too wide) has occurred while \output is active
[]  [] 
 []


Overfull \hbox (2.0pt too wide) has occurred while \output is active
[][] 
 []


Overfull \hbox (6.14285pt too wide) has occurred while \output is active
 []
 []

[16]
Overfull \hbox (8.14285pt too wide) has occurred while \output is active
[]  [] 
 []


Overfull \hbox (2.0pt too wide) has occurred while \output is active
[][] 
 []


Overfull \hbox (6.14285pt too wide) has occurred while \output is active
 []
 []

[17]
Overfull \hbox (8.14285pt too wide) has occurred while \output is active
[]  [] 
 []


Overfull \hbox (2.0pt too wide) has occurred while \output is active
[][] 
 []


Overfull \hbox (6.14285pt too wide) has occurred while \output is active
 []
 []

[18])
Overfull \hbox (8.14285pt too wide) has occurred while \output is active
[]  [] 
 []


Overfull \hbox (2.0pt too wide) has occurred while \output is active
[][] 
 []


Overfull \hbox (6.14285pt too wide) has occurred while \output is active
 []
 []

[19]
\openout2 = `body/chap03.aux'.

 (./body/chap03.tex
Chapter 3.

(/usr/share/texlive/texmf-dist/tex/generic/pgf/libraries/pgflibraryarrows.meta.
code.tex
File: pgflibraryarrows.meta.code.tex 2021/05/15 v3.1.9a (3.1.9a)
\pgfarrowinset=\dimen396
\pgfarrowlength=\dimen397
\pgfarrowwidth=\dimen398
\pgfarrowlinewidth=\dimen399
)
File: figures/system_architecture.pdf Graphic file (type pdf)
<use figures/system_architecture.pdf>

Overfull \hbox (8.14285pt too wide) has occurred while \output is active
[]  [] 
 []


Overfull \hbox (2.0pt too wide) has occurred while \output is active
[][] 
 []


Overfull \hbox (6.14285pt too wide) has occurred while \output is active
 []
 []

[20




]
Overfull \hbox (8.14285pt too wide) has occurred while \output is active
[]  [] 
 []


Overfull \hbox (2.0pt too wide) has occurred while \output is active
[][] 
 []


Overfull \hbox (6.14285pt too wide) has occurred while \output is active
 []
 []

[21] (/usr/share/texlive/texmf-dist/tex/latex/listings/lstlang1.sty
File: lstlang1.sty 2020/03/24 1.8d listings language file
)
(/usr/share/texlive/texmf-dist/tex/latex/listings/lstmisc.sty
File: lstmisc.sty 2020/03/24 1.8d (Carsten Heinz)
)
LaTeX Font Info:    Font shape `TU/lmtt/bx/n' in size <8> not available
(Font)              Font shape `TU/lmtt/b/n' tried instead on input line 38.
LaTeX Font Info:    Font shape `TU/lmtt/bx/n' in size <12> not available
(Font)              Font shape `TU/lmtt/b/n' tried instead on input line 57.

Overfull \hbox (8.14285pt too wide) has occurred while \output is active
[]  [] 
 []


Overfull \hbox (2.0pt too wide) has occurred while \output is active
[][] 
 []


Overfull \hbox (6.14285pt too wide) has occurred while \output is active
 []
 []

[22]
Overfull \hbox (8.14285pt too wide) has occurred while \output is active
[]  [] 
 []


Overfull \hbox (2.0pt too wide) has occurred while \output is active
[][] 
 []


Overfull \hbox (6.14285pt too wide) has occurred while \output is active
 []
 []

[23]
Overfull \hbox (8.14285pt too wide) has occurred while \output is active
[]  [] 
 []


Overfull \hbox (2.0pt too wide) has occurred while \output is active
[][] 
 []


Overfull \hbox (6.14285pt too wide) has occurred while \output is active
 []
 []

[24]
Overfull \hbox (8.14285pt too wide) has occurred while \output is active
[]  [] 
 []


Overfull \hbox (2.0pt too wide) has occurred while \output is active
[][] 
 []


Overfull \hbox (6.14285pt too wide) has occurred while \output is active
 []
 []

[25]
Overfull \hbox (8.14285pt too wide) has occurred while \output is active
[]  [] 
 []


Overfull \hbox (2.0pt too wide) has occurred while \output is active
[][] 
 []


Overfull \hbox (6.14285pt too wide) has occurred while \output is active
 []
 []

[26]
Overfull \hbox (8.14285pt too wide) has occurred while \output is active
[]  [] 
 []


Overfull \hbox (2.0pt too wide) has occurred while \output is active
[][] 
 []


Overfull \hbox (6.14285pt too wide) has occurred while \output is active
 []
 []

[27] (/usr/share/texlive/texmf-dist/tex/latex/listings/lstlang1.sty
File: lstlang1.sty 2020/03/24 1.8d listings language file
)
Overfull \hbox (8.14285pt too wide) has occurred while \output is active
[]  [] 
 []


Overfull \hbox (2.0pt too wide) has occurred while \output is active
[][] 
 []


Overfull \hbox (6.14285pt too wide) has occurred while \output is active
 []
 []

[28]
Overfull \hbox (8.14285pt too wide) has occurred while \output is active
[]  [] 
 []


Overfull \hbox (2.0pt too wide) has occurred while \output is active
[][] 
 []


Overfull \hbox (6.14285pt too wide) has occurred while \output is active
 []
 []

[29]
Overfull \hbox (8.14285pt too wide) has occurred while \output is active
[]  [] 
 []


Overfull \hbox (2.0pt too wide) has occurred while \output is active
[][] 
 []


Overfull \hbox (6.14285pt too wide) has occurred while \output is active
 []
 []

[30]
Underfull \hbox (badness 10000) in paragraph at lines 411--412
[]|\TU/lmtt/m/n/11 HAL_UART_WaitOnFlag\TU/TimesNewRoman(0)/m/n/11 ,
 []


Underfull \hbox (badness 10000) in paragraph at lines 412--413
[]|\TU/lmtt/m/n/11 HAL_UART_IRQHandler\TU/TimesNewRoman(0)/m/n/11 ,
 []


Underfull \hbox (badness 10000) in paragraph at lines 413--414
[]|\TU/lmtt/m/n/11 HAL_GPIO_DeInit\TU/TimesNewRoman(0)/m/n/11 ,
 []


Overfull \hbox (8.14285pt too wide) has occurred while \output is active
[]  [] 
 []


Overfull \hbox (2.0pt too wide) has occurred while \output is active
[][] 
 []


Overfull \hbox (6.14285pt too wide) has occurred while \output is active
 []
 []

[31]
Overfull \hbox (8.14285pt too wide) has occurred while \output is active
[]  [] 
 []


Overfull \hbox (2.0pt too wide) has occurred while \output is active
[][] 
 []


Overfull \hbox (6.14285pt too wide) has occurred while \output is active
 []
 []

[32]
Overfull \hbox (8.14285pt too wide) has occurred while \output is active
[]  [] 
 []


Overfull \hbox (2.0pt too wide) has occurred while \output is active
[][] 
 []


Overfull \hbox (6.14285pt too wide) has occurred while \output is active
 []
 []

[33]
Overfull \hbox (9.2115pt too wide) in paragraph at lines 487--488
[]\TU/TimesNewRoman(0)/m/n/12 Redirect \TU/SimSun.ttf(0)/m/n/12 策 略 使 用 自 定 义 的
 注 入 函 数  |（如 \TU/TimesNewRoman(0)/m/n/12 HAL_BE_In\TU/SimSun.ttf(0)/m/n/12 、| 
\TU/TimesNewRoman(0)/m/n/12 HAL_BE_ENET_ReadFrame\TU/SimSun.ttf(0)/m/n/12 、|
 []


Overfull \hbox (8.14285pt too wide) has occurred while \output is active
[]  [] 
 []


Overfull \hbox (2.0pt too wide) has occurred while \output is active
[][] 
 []


Overfull \hbox (6.14285pt too wide) has occurred while \output is active
 []
 []

[34]
Overfull \hbox (4.41534pt too wide) in paragraph at lines 566--567
[]\TU/SimSun.ttf(0)/m/n/12 以 \TU/TimesNewRoman(0)/m/n/12 NXP \TU/SimSun.ttf(0)/
m/n/12 网 卡 驱 动 中 的 \TU/TimesNewRoman(0)/m/n/12 ENET_GetRxFrame \TU/SimSun.ttf(0
)/m/n/12 函 数 为 例，|  该 函 数 使 用 \TU/TimesNewRoman(0)/m/n/12 DMA+RingBuffer
 []


Overfull \hbox (8.14285pt too wide) has occurred while \output is active
[]  [] 
 []


Overfull \hbox (2.0pt too wide) has occurred while \output is active
[][] 
 []


Overfull \hbox (6.14285pt too wide) has occurred while \output is active
 []
 []

[35]
Overfull \hbox (8.14285pt too wide) has occurred while \output is active
[]  [] 
 []


Overfull \hbox (2.0pt too wide) has occurred while \output is active
[][] 
 []


Overfull \hbox (6.14285pt too wide) has occurred while \output is active
 []
 []

[36]
Overfull \hbox (8.14285pt too wide) has occurred while \output is active
[]  [] 
 []


Overfull \hbox (2.0pt too wide) has occurred while \output is active
[][] 
 []


Overfull \hbox (6.14285pt too wide) has occurred while \output is active
 []
 []

[37]
Overfull \hbox (8.14285pt too wide) has occurred while \output is active
[]  [] 
 []


Overfull \hbox (2.0pt too wide) has occurred while \output is active
[][] 
 []


Overfull \hbox (6.14285pt too wide) has occurred while \output is active
 []
 []

[38]
Overfull \hbox (8.14285pt too wide) has occurred while \output is active
[]  [] 
 []


Overfull \hbox (2.0pt too wide) has occurred while \output is active
[][] 
 []


Overfull \hbox (6.14285pt too wide) has occurred while \output is active
 []
 []

[39]
Overfull \hbox (8.14285pt too wide) has occurred while \output is active
[]  [] 
 []


Overfull \hbox (2.0pt too wide) has occurred while \output is active
[][] 
 []


Overfull \hbox (6.14285pt too wide) has occurred while \output is active
 []
 []

[40]
Overfull \hbox (8.14285pt too wide) has occurred while \output is active
[]  [] 
 []


Overfull \hbox (2.0pt too wide) has occurred while \output is active
[][] 
 []


Overfull \hbox (6.14285pt too wide) has occurred while \output is active
 []
 []

[41]
File: figures/multiagent_architecture.pdf Graphic file (type pdf)
<use figures/multiagent_architecture.pdf>

Overfull \hbox (8.14285pt too wide) has occurred while \output is active
[]  [] 
 []


Overfull \hbox (2.0pt too wide) has occurred while \output is active
[][] 
 []


Overfull \hbox (6.14285pt too wide) has occurred while \output is active
 []
 []

[42]
LaTeX Font Info:    Font shape `TU/lmtt/bx/n' in size <10.95> not available
(Font)              Font shape `TU/lmtt/b/n' tried instead on input line 867.

Overfull \hbox (8.14285pt too wide) has occurred while \output is active
[]  [] 
 []


Overfull \hbox (2.0pt too wide) has occurred while \output is active
[][] 
 []


Overfull \hbox (6.14285pt too wide) has occurred while \output is active
 []
 []

[43]
Overfull \hbox (8.14285pt too wide) has occurred while \output is active
[]  [] 
 []


Overfull \hbox (2.0pt too wide) has occurred while \output is active
[][] 
 []


Overfull \hbox (6.14285pt too wide) has occurred while \output is active
 []
 []

[44]
Overfull \hbox (8.14285pt too wide) has occurred while \output is active
[]  [] 
 []


Overfull \hbox (2.0pt too wide) has occurred while \output is active
[][] 
 []


Overfull \hbox (6.14285pt too wide) has occurred while \output is active
 []
 []

[45]
Overfull \hbox (8.14285pt too wide) has occurred while \output is active
[]  [] 
 []


Overfull \hbox (2.0pt too wide) has occurred while \output is active
[][] 
 []


Overfull \hbox (6.14285pt too wide) has occurred while \output is active
 []
 []

[46])
Overfull \hbox (8.14285pt too wide) has occurred while \output is active
[]  [] 
 []


Overfull \hbox (2.0pt too wide) has occurred while \output is active
[][] 
 []


Overfull \hbox (6.14285pt too wide) has occurred while \output is active
 []
 []

[47]
\openout2 = `body/chap04.aux'.

 (./body/chap04.tex
Chapter 4.

Overfull \hbox (8.14285pt too wide) has occurred while \output is active
[]  [] 
 []


Overfull \hbox (2.0pt too wide) has occurred while \output is active
[][] 
 []


Overfull \hbox (6.14285pt too wide) has occurred while \output is active
 []
 []

[48




]
Overfull \hbox (8.14285pt too wide) has occurred while \output is active
[]  [] 
 []


Overfull \hbox (2.0pt too wide) has occurred while \output is active
[][] 
 []


Overfull \hbox (6.14285pt too wide) has occurred while \output is active
 []
 []

[49]
Overfull \hbox (8.14285pt too wide) has occurred while \output is active
[]  [] 
 []


Overfull \hbox (2.0pt too wide) has occurred while \output is active
[][] 
 []


Overfull \hbox (6.14285pt too wide) has occurred while \output is active
 []
 []

[50]
Overfull \hbox (8.14285pt too wide) has occurred while \output is active
[]  [] 
 []


Overfull \hbox (2.0pt too wide) has occurred while \output is active
[][] 
 []


Overfull \hbox (6.14285pt too wide) has occurred while \output is active
 []
 []

[51]
Overfull \hbox (8.14285pt too wide) has occurred while \output is active
[]  [] 
 []


Overfull \hbox (2.0pt too wide) has occurred while \output is active
[][] 
 []


Overfull \hbox (6.14285pt too wide) has occurred while \output is active
 []
 []

[52]
Overfull \hbox (8.14285pt too wide) has occurred while \output is active
[]  [] 
 []


Overfull \hbox (2.0pt too wide) has occurred while \output is active
[][] 
 []


Overfull \hbox (6.14285pt too wide) has occurred while \output is active
 []
 []

[53]
Overfull \hbox (8.14285pt too wide) has occurred while \output is active
[]  [] 
 []


Overfull \hbox (2.0pt too wide) has occurred while \output is active
[][] 
 []


Overfull \hbox (6.14285pt too wide) has occurred while \output is active
 []
 []

[54]
Overfull \hbox (8.14285pt too wide) has occurred while \output is active
[]  [] 
 []


Overfull \hbox (2.0pt too wide) has occurred while \output is active
[][] 
 []


Overfull \hbox (6.14285pt too wide) has occurred while \output is active
 []
 []

[55]
Overfull \hbox (8.14285pt too wide) has occurred while \output is active
[]  [] 
 []


Overfull \hbox (2.0pt too wide) has occurred while \output is active
[][] 
 []


Overfull \hbox (6.14285pt too wide) has occurred while \output is active
 []
 []

[56]
Overfull \hbox (8.14285pt too wide) has occurred while \output is active
[]  [] 
 []


Overfull \hbox (2.0pt too wide) has occurred while \output is active
[][] 
 []


Overfull \hbox (6.14285pt too wide) has occurred while \output is active
 []
 []

[57]
Overfull \hbox (8.14285pt too wide) has occurred while \output is active
[]  [] 
 []


Overfull \hbox (2.0pt too wide) has occurred while \output is active
[][] 
 []


Overfull \hbox (6.14285pt too wide) has occurred while \output is active
 []
 []

[58]
Overfull \hbox (8.14285pt too wide) has occurred while \output is active
[]  [] 
 []


Overfull \hbox (2.0pt too wide) has occurred while \output is active
[][] 
 []


Overfull \hbox (6.14285pt too wide) has occurred while \output is active
 []
 []

[59]
Overfull \hbox (8.14285pt too wide) has occurred while \output is active
[]  [] 
 []


Overfull \hbox (2.0pt too wide) has occurred while \output is active
[][] 
 []


Overfull \hbox (6.14285pt too wide) has occurred while \output is active
 []
 []

[60]
Overfull \hbox (55.6539pt too wide) in paragraph at lines 465--466
[]\TU/SimSun.ttf(0)/m/n/12 从 测 试 集 中 选 择 \TU/TimesNewRoman(0)/m/n/12 5 \TU/SimS
un.ttf(0)/m/n/12 个 包 含 网 络 协 议 栈 的 固 件  |（\TU/TimesNewRoman(0)/m/n/12 NXP_LwIP_
FreeRTOS\TU/SimSun.ttf(0)/m/n/12 、| \TU/TimesNewRoman(0)/m/n/12 NXP_LwIP_BareMe
tal\TU/SimSun.ttf(0)/m/n/12 、|
 []


Overfull \hbox (8.14285pt too wide) has occurred while \output is active
[]  [] 
 []


Overfull \hbox (2.0pt too wide) has occurred while \output is active
[][] 
 []


Overfull \hbox (6.14285pt too wide) has occurred while \output is active
 []
 []

[61]
Overfull \hbox (27.63535pt too wide) in paragraph at lines 475--488
 [][] 
 []


Overfull \hbox (8.14285pt too wide) has occurred while \output is active
[]  [] 
 []


Overfull \hbox (2.0pt too wide) has occurred while \output is active
[][] 
 []


Overfull \hbox (6.14285pt too wide) has occurred while \output is active
 []
 []

[62])
Overfull \hbox (8.14285pt too wide) has occurred while \output is active
[]  [] 
 []


Overfull \hbox (2.0pt too wide) has occurred while \output is active
[][] 
 []


Overfull \hbox (6.14285pt too wide) has occurred while \output is active
 []
 []

[63]
\openout2 = `body/conclusion.aux'.

 (./body/conclusion.tex
Chapter 5.

Overfull \hbox (8.14285pt too wide) has occurred while \output is active
[]  [] 
 []


Overfull \hbox (2.0pt too wide) has occurred while \output is active
[][] 
 []


Overfull \hbox (6.14285pt too wide) has occurred while \output is active
 []
 []

[64




]
Overfull \hbox (8.14285pt too wide) has occurred while \output is active
[]  [] 
 []


Overfull \hbox (2.0pt too wide) has occurred while \output is active
[][] 
 []


Overfull \hbox (6.14285pt too wide) has occurred while \output is active
 []
 []

[65]
Overfull \hbox (8.14285pt too wide) has occurred while \output is active
[]  [] 
 []


Overfull \hbox (2.0pt too wide) has occurred while \output is active
[][] 
 []


Overfull \hbox (6.14285pt too wide) has occurred while \output is active
 []
 []

[66]
Overfull \hbox (8.14285pt too wide) has occurred while \output is active
[]  [] 
 []


Overfull \hbox (2.0pt too wide) has occurred while \output is active
[][] 
 []


Overfull \hbox (6.14285pt too wide) has occurred while \output is active
 []
 []

[67])
Overfull \hbox (8.14285pt too wide) has occurred while \output is active
[]  [] 
 []


Overfull \hbox (2.0pt too wide) has occurred while \output is active
[][] 
 []


Overfull \hbox (6.14285pt too wide) has occurred while \output is active
 []
 []

[68]
\openout2 = `body/ack.aux'.

 (./body/ack.tex)
Overfull \hbox (8.14285pt too wide) has occurred while \output is active
[]  [] 
 []


Overfull \hbox (2.0pt too wide) has occurred while \output is active
[][] 
 []


Overfull \hbox (6.14285pt too wide) has occurred while \output is active
 []
 []

[69




] (./main.bbl

Package hyperref Warning: Token not allowed in a PDF string (Unicode):
(hyperref)                removing `\sihao' on input line 1.


Overfull \hbox (8.14285pt too wide) has occurred while \output is active
[]  [] 
 []


Overfull \hbox (2.0pt too wide) has occurred while \output is active
[][] 
 []


Overfull \hbox (6.14285pt too wide) has occurred while \output is active
 []
 []

[70




]
Overfull \hbox (8.14285pt too wide) has occurred while \output is active
[]  [] 
 []


Overfull \hbox (2.0pt too wide) has occurred while \output is active
[][] 
 []


Overfull \hbox (6.14285pt too wide) has occurred while \output is active
 []
 []

[71]) (./body/publications.tex
Overfull \hbox (8.14285pt too wide) has occurred while \output is active
[]  [] 
 []


Overfull \hbox (2.0pt too wide) has occurred while \output is active
[][] 
 []


Overfull \hbox (6.14285pt too wide) has occurred while \output is active
 []
 []

[72])
\tf@thm=\write7
\openout7 = `main.thm'.


Overfull \hbox (8.14285pt too wide) has occurred while \output is active
[]  [] 
 []


Overfull \hbox (2.0pt too wide) has occurred while \output is active
[][] 
 []


Overfull \hbox (6.14285pt too wide) has occurred while \output is active
 []
 []

[73

] (./main.aux (./body/chap01.aux) (./body/chap02.aux) (./body/chap03.aux)
(./body/chap04.aux) (./body/conclusion.aux) (./body/ack.aux))

LaTeX Warning: There were multiply-defined labels.

Package rerunfilecheck Info: File `main.out' has not changed.
(rerunfilecheck)             Checksum: 21D95243CDF28EF29A233811DBAB02FD;4090.
 ) 
Here is how much of TeX's memory you used:
 43748 strings out of 477728
 960543 string characters out of 5842239
 1772895 words of memory out of 5000000
 63499 multiletter control sequences out of 15000+600000
 489920 words of font info for 190 fonts, out of 8000000 for 9000
 264 hyphenation exceptions out of 8191
 99i,15n,102p,1208b,2356s stack positions out of 5000i,500n,10000p,200000b,80000s

Output written on main.pdf (81 pages).
