\BOOKMARK [0][]{section*.1}{\376\377\144\130\000\040\000\040\000\040\000\040\211\201}{}% 1
\BOOKMARK [0][]{section*.3}{\376\377\000A\000b\000s\000t\000r\000a\000c\000t}{}% 2
\BOOKMARK [0][]{chapter.1}{\376\377\0001\000\040\176\352\213\272}{}% 3
\BOOKMARK [1][]{section.1.1}{\376\377\0001\000.\0001\000\040\170\024\172\166\200\314\146\157\116\016\141\017\116\111}{chapter.1}% 4
\BOOKMARK [1][]{section.1.2}{\376\377\0001\000.\0002\000\040\126\375\121\205\131\026\170\024\172\166\163\260\162\266}{chapter.1}% 5
\BOOKMARK [1][]{section.1.3}{\376\377\0001\000.\0003\000\040\170\024\172\166\121\205\133\271\116\016\116\073\211\201\215\041\163\056}{chapter.1}% 6
\BOOKMARK [1][]{section.1.4}{\376\377\0001\000.\0004\000\040\213\272\145\207\176\304\176\307\176\323\147\204}{chapter.1}% 7
\BOOKMARK [0][]{chapter.2}{\376\377\0002\000\040\200\314\146\157\167\345\213\306\116\016\166\370\121\163\142\200\147\057}{}% 8
\BOOKMARK [1][]{section.2.1}{\376\377\0002\000.\0001\000\040\162\151\200\124\177\121\213\276\131\007\170\154\116\366\127\372\170\100}{chapter.2}% 9
\BOOKMARK [1][]{section.2.2}{\376\377\0002\000.\0002\000\040\162\151\200\124\177\121\144\315\117\134\174\373\176\337\116\016\232\161\122\250}{chapter.2}% 10
\BOOKMARK [1][]{section.2.3}{\376\377\0002\000.\0003\000\040\131\047\152\041\127\213\116\343\170\001\122\006\147\220\146\172\200\375\117\123\150\106\147\266}{chapter.2}% 11
\BOOKMARK [1][]{section.2.4}{\376\377\0002\000.\0004\000\040\227\131\140\001\122\006\147\220\142\200\147\057}{chapter.2}% 12
\BOOKMARK [1][]{section.2.5}{\376\377\0002\000.\0005\000\040\126\372\116\366\116\377\167\037\116\016\152\041\174\312\155\113\213\325}{chapter.2}% 13
\BOOKMARK [1][]{section.2.6}{\376\377\0002\000.\0006\000\040\147\054\172\340\134\017\176\323}{chapter.2}% 14
\BOOKMARK [0][]{chapter.3}{\376\377\0003\000\040\174\373\176\337\213\276\213\241}{}% 15
\BOOKMARK [1][]{section.3.1}{\376\377\0003\000.\0001\000\040\232\161\122\250\121\375\145\160\143\245\123\343\227\131\140\001\122\006\147\220\116\016\213\306\122\053\152\041\127\127\213\276\213\241}{chapter.3}% 16
\BOOKMARK [1][]{section.3.2}{\376\377\0003\000.\0002\000\040\232\161\122\250\121\375\145\160\122\006\147\220\060\001\146\377\143\142\116\016\177\026\213\321\152\041\127\127\213\276\213\241}{chapter.3}% 17
\BOOKMARK [1][]{section.3.3}{\376\377\0003\000.\0003\000\040\122\250\140\001\155\113\213\325\123\315\231\210\225\355\163\257\152\041\127\127\213\276\213\241}{chapter.3}% 18
\BOOKMARK [1][]{section.3.4}{\376\377\0003\000.\0004\000\040\147\054\172\340\134\017\176\323}{chapter.3}% 19
\BOOKMARK [0][]{chapter.4}{\376\377\0004\000\040\174\373\176\337\133\236\163\260}{}% 20
\BOOKMARK [1][]{section.4.1}{\376\377\0004\000.\0001\000\040\232\161\122\250\121\375\145\160\143\245\123\343\227\131\140\001\122\006\147\220\116\016\213\306\122\053\152\041\127\127\133\236\163\260}{chapter.4}% 21
\BOOKMARK [1][]{section.4.2}{\376\377\0004\000.\0002\000\040\232\161\122\250\121\375\145\160\122\006\147\220\060\001\146\377\143\142\116\016\177\026\213\321\152\041\127\127\133\236\163\260}{chapter.4}% 22
\BOOKMARK [1][]{section.4.3}{\376\377\0004\000.\0003\000\040\122\250\140\001\155\113\213\325\123\315\231\210\225\355\163\257\152\041\127\127\133\236\163\260}{chapter.4}% 23
\BOOKMARK [1][]{section.4.4}{\376\377\0004\000.\0004\000\040\147\054\172\340\134\017\176\323}{chapter.4}% 24
\BOOKMARK [0][]{chapter.5}{\376\377\0005\000\040\133\236\232\214\213\276\213\241\116\016\176\323\147\234\122\006\147\220}{}% 25
\BOOKMARK [1][]{section.5.1}{\376\377\0005\000.\0001\000\040\133\236\232\214\213\276\213\241}{chapter.5}% 26
\BOOKMARK [1][]{section.5.2}{\376\377\0005\000.\0002\000\040\122\237\200\375\155\113\213\325}{chapter.5}% 27
\BOOKMARK [1][]{section.5.3}{\376\377\0005\000.\0003\000\040\140\047\200\375\155\113\213\325}{chapter.5}% 28
\BOOKMARK [1][]{section.5.4}{\376\377\0005\000.\0004\000\040\147\054\172\340\134\017\176\323}{chapter.5}% 29
\BOOKMARK [0][]{chapter.6}{\376\377\0006\000\040\140\073\176\323\116\016\134\125\147\033}{}% 30
\BOOKMARK [1][]{section.6.1}{\376\377\0006\000.\0001\000\040\135\345\117\134\140\073\176\323}{chapter.6}% 31
\BOOKMARK [1][]{section.6.2}{\376\377\0006\000.\0002\000\040\213\272\145\207\122\033\145\260\160\271}{chapter.6}% 32
\BOOKMARK [1][]{section.6.3}{\376\377\0006\000.\0003\000\040\213\272\145\207\215\041\163\056}{chapter.6}% 33
\BOOKMARK [1][]{section.6.4}{\376\377\0006\000.\0004\000\040\134\100\226\120\140\047\116\016\116\015\215\263}{chapter.6}% 34
\BOOKMARK [1][]{section.6.5}{\376\377\0006\000.\0005\000\040\147\052\147\145\135\345\117\134\134\125\147\033}{chapter.6}% 35
\BOOKMARK [0][]{section*.29}{\376\377\123\302\200\003\145\207\163\056}{}% 36
